#
# A fatal error has been detected by the Java Runtime Environment:
#
#  EXCEPTION_ACCESS_VIOLATION (0xc0000005) at pc=0x00007ffde255b760, pid=3704, tid=3196
#
# JRE version: OpenJDK Runtime Environment (11.0.11+9) (build 11.0.11+9-b60-7590822)
# Java VM: OpenJDK 64-Bit Server VM (11.0.11+9-b60-7590822, mixed mode, tiered, compressed oops, g1 gc, windows-amd64)
# Problematic frame:
# V  [jvm.dll+0x2ab760]
#
# No core dump will be written. Minidumps are not enabled by default on client versions of Windows
#
# If you would like to submit a bug report, please visit:
#   https://bugreport.java.com/bugreport/crash.jsp
#

---------------  S U M M A R Y ------------

Command Line: --add-opens=java.base/java.util=ALL-UNNAMED --add-opens=java.base/java.lang=ALL-UNNAMED --add-opens=java.base/java.lang.invoke=ALL-UNNAMED --add-opens=java.base/java.util=ALL-UNNAMED --add-opens=java.prefs/java.util.prefs=ALL-UNNAMED --add-opens=java.prefs/java.util.prefs=ALL-UNNAMED --add-opens=java.base/java.nio.charset=ALL-UNNAMED --add-opens=java.base/java.net=ALL-UNNAMED --add-opens=java.base/java.util.concurrent.atomic=ALL-UNNAMED -Xmx2048m -Dfile.encoding=UTF-8 -Duser.country=US -Duser.language=en -Duser.variant org.gradle.launcher.daemon.bootstrap.GradleDaemon 7.2

Host: Intel(R) Core(TM) i3-2330M CPU @ 2.20GHz, 4 cores, 3G,  Windows 10 , 64 bit Build 19041 (10.0.19041.1645)
Time: Tue May 10 16:24:01 2022 Russia TZ 2 Standard Time elapsed time: 15.264924 seconds (0d 0h 0m 15s)

---------------  T H R E A D  ---------------

Current thread (0x0000020c2b31c800):  VMThread "VM Thread" [stack: 0x00000021fa000000,0x00000021fa100000] [id=3196]

Stack: [0x00000021fa000000,0x00000021fa100000],  sp=0x00000021fa0fe610,  free space=1017k
Native frames: (J=compiled Java code, j=interpreted, Vv=VM code, C=native code)
V  [jvm.dll+0x2ab760]
V  [jvm.dll+0x1cfb29]
V  [jvm.dll+0x6c0f61]
V  [jvm.dll+0x2e737d]
V  [jvm.dll+0x2e5a48]
V  [jvm.dll+0x72f77a]
V  [jvm.dll+0x72a38c]
V  [jvm.dll+0x72e3d5]
V  [jvm.dll+0x72eb7c]
V  [jvm.dll+0x72eff7]
V  [jvm.dll+0x6e80b5]
V  [jvm.dll+0x5f1036]
C  [ucrtbase.dll+0x21bb2]
C  [KERNEL32.DLL+0x17034]
C  [ntdll.dll+0x52651]


siginfo: EXCEPTION_ACCESS_VIOLATION (0xc0000005), reading address 0xffffffffffffffff


Register to memory mapping:

RIP=0x00007ffde255b760 jvm.dll
RAX=0x0000000082ae5628 is an oop: java.security.ProtectionDomain 
{0x0000000082ae5628} - klass: 'java/security/ProtectionDomain'
RBX=0x0 is NULL
RCX=0x0000020c33827fe8 points into unknown readable memory: 0x0200020c315281c0 | c0 81 52 31 0c 02 00 02
RDX=0x0000000000000008 is an unknown value
RSP=0x00000021fa0fe610 points into unknown readable memory: 0x0000020c117d7330 | 30 73 7d 11 0c 02 00 00
RBP=0x0000000000000008 is an unknown value
RSI=0x0200020c315281c0 is an unknown value
RDI=0x0000020c117a1e30 points into unknown readable memory: 0x0000020c2b3199b0 | b0 99 31 2b 0c 02 00 00
R8 =0x0000020c31942d40 points into unknown readable memory: 0x00000000000007e1 | e1 07 00 00 00 00 00 00
R9 =0x00000000000005fb is an unknown value
R10=0x0000020c11789b20 points into unknown readable memory: 0x00000000000014d8 | d8 14 00 00 00 00 00 00
R11=0x00000021fa0fe738 points into unknown readable memory: 0x00007ffde247fb29 | 29 fb 47 e2 fd 7f 00 00
R12=0x00007ffde2caad01 jvm.dll
R13=0x0000020c2b2d52e0 points into unknown readable memory: 0x6365732e6176616a | 6a 61 76 61 2e 73 65 63
R14=0x0 is NULL
R15=0x0000000000000001 is an unknown value


Registers:
RAX=0x0000000082ae5628, RBX=0x0000000000000000, RCX=0x0000020c33827fe8, RDX=0x0000000000000008
RSP=0x00000021fa0fe610, RBP=0x0000000000000008, RSI=0x0200020c315281c0, RDI=0x0000020c117a1e30
R8 =0x0000020c31942d40, R9 =0x00000000000005fb, R10=0x0000020c11789b20, R11=0x00000021fa0fe738
R12=0x00007ffde2caad01, R13=0x0000020c2b2d52e0, R14=0x0000000000000000, R15=0x0000000000000001
RIP=0x00007ffde255b760, EFLAGS=0x0000000000010206

Top of Stack: (sp=0x00000021fa0fe610)
0x00000021fa0fe610:   0000020c117d7330 00007ffde2874641
0x00000021fa0fe620:   0000020c2b31c800 0000020c35a37cc8
0x00000021fa0fe630:   00000000000005fb 0000020c31942d40
0x00000021fa0fe640:   0000000000002fd8 0000020c117a1e30
0x00000021fa0fe650:   0000020c33827fe8 0000020c35a37cf0
0x00000021fa0fe660:   0000020c35a37cc8 00007ffde2874387
0x00000021fa0fe670:   0000000000000231 00007ffde23c3cc8
0x00000021fa0fe680:   0000020c117d7330 0000020c325a6588
0x00000021fa0fe690:   0000020c35a37e28 0000020c2b187ae0
0x00000021fa0fe6a0:   0000000000000231 00007ffde284cceb
0x00000021fa0fe6b0:   0000020c117d7330 0000020c325a67b8
0x00000021fa0fe6c0:   0000020c325a6588 00000000000003a3
0x00000021fa0fe6d0:   00000000000003a3 00007ffde2469fbd
0x00000021fa0fe6e0:   0000000000000000 0000020c117a22e0
0x00000021fa0fe6f0:   000000000000006c 00007ffde28aac1a
0x00000021fa0fe700:   000050b5f8ca60c7 00007ffde247fc3e 

Instructions: (pc=0x00007ffde255b760)
0x00007ffde255b660:   89 44 24 28 48 8d 54 24 20 48 8b ce e8 6f 35 2f
0x00007ffde255b670:   00 48 8b d6 48 8b cb e8 64 d7 41 00 48 8b 5b 08
0x00007ffde255b680:   48 83 e3 fe 75 ca ff c7 49 83 c6 08 3b 7d 00 7c
0x00007ffde255b690:   af 4c 8b 7c 24 60 4c 8b 74 24 58 48 8b 5c 24 50
0x00007ffde255b6a0:   48 83 c4 30 5f 5e 5d c3 cc cc cc cc cc cc cc cc
0x00007ffde255b6b0:   4c 8b dc 48 81 ec 28 01 00 00 48 8b 05 7f 0b 72
0x00007ffde255b6c0:   00 48 33 c4 48 89 84 24 f0 00 00 00 48 8b 05 75
0x00007ffde255b6d0:   d8 74 00 4c 8b c1 48 89 4c 24 28 48 39 41 38 0f
0x00007ffde255b6e0:   84 6d 02 00 00 45 33 c9 44 89 4c 24 20 44 39 09
0x00007ffde255b6f0:   0f 8e 5c 02 00 00 8b 15 80 d3 78 00 33 c9 65 48
0x00007ffde255b700:   8b 04 25 58 00 00 00 49 89 5b 10 49 89 6b 18 49
0x00007ffde255b710:   89 73 20 49 89 7b f8 48 8d 3c d0 4d 89 63 f0 4d
0x00007ffde255b720:   89 6b e8 4d 89 73 e0 4d 89 7b d8 48 89 7c 24 38
0x00007ffde255b730:   48 89 4c 24 30 bd 08 00 00 00 66 0f 1f 44 00 00
0x00007ffde255b740:   49 03 48 08 48 89 4c 24 40 48 8b 31 48 85 f6 0f
0x00007ffde255b750:   84 9e 01 00 00 66 66 66 0f 1f 84 00 00 00 00 00
0x00007ffde255b760:   48 8b 5e 18 45 33 f6 48 85 db 0f 84 6b 01 00 00
0x00007ffde255b770:   48 8b cb e8 b8 94 37 00 48 85 c0 0f 85 4b 01 00
0x00007ffde255b780:   00 48 39 05 d0 fd 74 00 0f 84 11 01 00 00 48 8b
0x00007ffde255b790:   07 ba 50 00 00 00 8b cd 48 8b 0c 01 48 8b b9 78
0x00007ffde255b7a0:   02 00 00 48 8d 4c 24 50 48 8b 6f 10 4c 8b 7f 18
0x00007ffde255b7b0:   4c 8b 67 20 4c 8b 6f 28 e8 23 73 34 00 48 8d 05
0x00007ffde255b7c0:   74 69 53 00 48 8d 8c 24 88 00 00 00 48 89 44 24
0x00007ffde255b7d0:   50 e8 ca 8a 24 00 48 8d 05 43 fd 74 00 c7 84 24
0x00007ffde255b7e0:   e0 00 00 00 02 00 00 00 48 8d 15 c1 13 57 00 48
0x00007ffde255b7f0:   89 84 24 e8 00 00 00 48 8d 4c 24 50 e8 6f 8b 34
0x00007ffde255b800:   00 48 8d 15 c0 13 57 00 48 8d 4c 24 50 e8 de 89
0x00007ffde255b810:   34 00 48 8b 4c 24 28 48 8b 41 38 48 8b 48 08 48
0x00007ffde255b820:   85 c9 75 04 33 c0 eb 06 ff 15 32 a5 6e 00 48 8d
0x00007ffde255b830:   54 24 50 48 8b c8 e8 75 38 33 00 48 8d 15 96 13
0x00007ffde255b840:   57 00 48 8d 4c 24 50 e8 a4 89 34 00 48 8b 4e 10
0x00007ffde255b850:   48 8d 54 24 50 48 8b 01 ff 50 58 48 8d 4c 24 50 


Stack slot to memory mapping:
stack at sp + 0 slots: 0x0000020c117d7330 points into unknown readable memory: 0x0000000000000000 | 00 00 00 00 00 00 00 00
stack at sp + 1 slots: 0x00007ffde2874641 jvm.dll
stack at sp + 2 slots: 0x0000020c2b31c800 points into unknown readable memory: 0x00007ffde2b4dce8 | e8 dc b4 e2 fd 7f 00 00
stack at sp + 3 slots: 0x0000020c35a37cc8 is pointing into metadata
stack at sp + 4 slots: 0x00000000000005fb is an unknown value
stack at sp + 5 slots: 0x0000020c31942d40 points into unknown readable memory: 0x00000000000007e1 | e1 07 00 00 00 00 00 00
stack at sp + 6 slots: 0x0000000000002fd8 is an unknown value
stack at sp + 7 slots: 0x0000020c117a1e30 points into unknown readable memory: 0x0000020c2b3199b0 | b0 99 31 2b 0c 02 00 00

VM_Operation (0x00000021f9cffab0): CGC_Operation, mode: safepoint, requested by thread 0x0000020c117d2000


---------------  P R O C E S S  ---------------

Threads class SMR info:
_java_thread_list=0x0000020c30422910, length=79, elements={
0x0000020c11788000, 0x0000020c2b32a000, 0x0000020c2b32b000, 0x0000020c2bb9c800,
0x0000020c2bba0000, 0x0000020c2bba1000, 0x0000020c2b33b000, 0x0000020c2b33e000,
0x0000020c2b33f800, 0x0000020c2bcfa800, 0x0000020c2d32d800, 0x0000020c2c99d800,
0x0000020c2d6cc800, 0x0000020c2d022800, 0x0000020c2d023800, 0x0000020c2d3b2800,
0x0000020c2e232800, 0x0000020c2d60b000, 0x0000020c2e1c4000, 0x0000020c2e1c5800,
0x0000020c2e1c6800, 0x0000020c2e1c5000, 0x0000020c2f9fa800, 0x0000020c2d60a800,
0x0000020c2f9ff800, 0x0000020c2f9fc000, 0x0000020c2f9fd000, 0x0000020c2f9fb800,
0x0000020c2f9fe800, 0x0000020c2f9fe000, 0x0000020c2f9f9800, 0x0000020c2fa05000,
0x0000020c2fa06000, 0x0000020c2fa07800, 0x0000020c2fa08800, 0x0000020c2fa07000,
0x0000020c2fa02800, 0x0000020c2fa04800, 0x0000020c3189f800, 0x0000020c318a0000,
0x0000020c318a5000, 0x0000020c318a1800, 0x0000020c318a6000, 0x0000020c318a6800,
0x0000020c318a2800, 0x0000020c318a3800, 0x0000020c318a1000, 0x0000020c318a7800,
0x0000020c318aa000, 0x0000020c318a4000, 0x0000020c318aa800, 0x0000020c318a8800,
0x0000020c318ab800, 0x0000020c318ac800, 0x0000020c318a9000, 0x0000020c318ad000,
0x0000020c318ae000, 0x0000020c2cb24800, 0x0000020c2cb23000, 0x0000020c2cb24000,
0x0000020c2cb22000, 0x0000020c2cb25800, 0x0000020c2cb21800, 0x0000020c2cb20000,
0x0000020c2cb20800, 0x0000020c2cb27000, 0x0000020c2cb26800, 0x0000020c2cb2c000,
0x0000020c2cb28800, 0x0000020c2cb2d000, 0x0000020c2cb2d800, 0x0000020c2cb29800,
0x0000020c2cb2a800, 0x0000020c2cb28000, 0x0000020c2cb2e800, 0x0000020c2cb2b000,
0x0000020c2c14e000, 0x0000020c2c14e800, 0x0000020c2c14f800
}

Java Threads: ( => current thread )
  0x0000020c11788000 JavaThread "main" [_thread_blocked, id=3396, stack(0x00000021f9a00000,0x00000021f9b00000)]
  0x0000020c2b32a000 JavaThread "Reference Handler" daemon [_thread_blocked, id=4100, stack(0x00000021fa100000,0x00000021fa200000)]
  0x0000020c2b32b000 JavaThread "Finalizer" daemon [_thread_blocked, id=6912, stack(0x00000021fa200000,0x00000021fa300000)]
  0x0000020c2bb9c800 JavaThread "Signal Dispatcher" daemon [_thread_blocked, id=6112, stack(0x00000021fa300000,0x00000021fa400000)]
  0x0000020c2bba0000 JavaThread "Attach Listener" daemon [_thread_blocked, id=784, stack(0x00000021fa400000,0x00000021fa500000)]
  0x0000020c2bba1000 JavaThread "Service Thread" daemon [_thread_blocked, id=4852, stack(0x00000021fa500000,0x00000021fa600000)]
  0x0000020c2b33b000 JavaThread "C2 CompilerThread0" daemon [_thread_blocked, id=6604, stack(0x00000021fa600000,0x00000021fa700000)]
  0x0000020c2b33e000 JavaThread "C1 CompilerThread0" daemon [_thread_blocked, id=1308, stack(0x00000021fa700000,0x00000021fa800000)]
  0x0000020c2b33f800 JavaThread "Sweeper thread" daemon [_thread_blocked, id=7008, stack(0x00000021fa800000,0x00000021fa900000)]
  0x0000020c2bcfa800 JavaThread "Common-Cleaner" daemon [_thread_blocked, id=812, stack(0x00000021fa900000,0x00000021faa00000)]
  0x0000020c2d32d800 JavaThread "Daemon health stats" [_thread_blocked, id=3376, stack(0x00000021fad00000,0x00000021fae00000)]
  0x0000020c2c99d800 JavaThread "Incoming local TCP Connector on port 50177" [_thread_in_native, id=1092, stack(0x00000021fab00000,0x00000021fac00000)]
  0x0000020c2d6cc800 JavaThread "Daemon periodic checks" [_thread_blocked, id=7288, stack(0x00000021fb000000,0x00000021fb100000)]
  0x0000020c2d022800 JavaThread "Daemon" [_thread_blocked, id=6064, stack(0x00000021fb100000,0x00000021fb200000)]
  0x0000020c2d023800 JavaThread "Handler for socket connection from /127.0.0.1:50177 to /127.0.0.1:50178" [_thread_in_native, id=1648, stack(0x00000021fb200000,0x00000021fb300000)]
  0x0000020c2d3b2800 JavaThread "Cancel handler" [_thread_blocked, id=8060, stack(0x00000021fb300000,0x00000021fb400000)]
  0x0000020c2e232800 JavaThread "Daemon worker" [_thread_blocked, id=8020, stack(0x00000021fb400000,0x00000021fb500000)]
  0x0000020c2d60b000 JavaThread "Asynchronous log dispatcher for DefaultDaemonConnection: socket connection from /127.0.0.1:50177 to /127.0.0.1:50178" [_thread_blocked, id=5076, stack(0x00000021fb600000,0x00000021fb700000)]
  0x0000020c2e1c4000 JavaThread "Stdin handler" [_thread_blocked, id=240, stack(0x00000021fb700000,0x00000021fb800000)]
  0x0000020c2e1c5800 JavaThread "Daemon client event forwarder" [_thread_blocked, id=6412, stack(0x00000021fb800000,0x00000021fb900000)]
  0x0000020c2e1c6800 JavaThread "Cache worker for journal cache (C:\Users\Garik Asatryan\AndroidStudioProjects\FireAuthAndStore\gradle\caches\journal-1)" [_thread_blocked, id=4732, stack(0x00000021fb500000,0x00000021fb600000)]
  0x0000020c2e1c5000 JavaThread "File lock request listener" [_thread_in_native, id=4884, stack(0x00000021fb900000,0x00000021fba00000)]
  0x0000020c2f9fa800 JavaThread "Cache worker for file hash cache (C:\Users\Garik Asatryan\AndroidStudioProjects\FireAuthAndStore\gradle\caches\7.2\fileHashes)" [_thread_blocked, id=4336, stack(0x00000021fba00000,0x00000021fbb00000)]
  0x0000020c2d60a800 JavaThread "C2 CompilerThread1" daemon [_thread_in_native, id=5796, stack(0x00000021fbb00000,0x00000021fbc00000)]
  0x0000020c2f9ff800 JavaThread "Cache worker for file hash cache (C:\Users\Garik Asatryan\AndroidStudioProjects\MyRepository\.gradle\7.2\fileHashes)" [_thread_blocked, id=1008, stack(0x00000021fbc00000,0x00000021fbd00000)]
  0x0000020c2f9fc000 JavaThread "File watcher server" daemon [_thread_in_native, id=7220, stack(0x00000021fbd00000,0x00000021fbe00000)]
  0x0000020c2f9fd000 JavaThread "File watcher consumer" daemon [_thread_blocked, id=2736, stack(0x00000021fbe00000,0x00000021fbf00000)]
  0x0000020c2f9fb800 JavaThread "Cache worker for checksums cache (C:\Users\Garik Asatryan\AndroidStudioProjects\MyRepository\.gradle\checksums)" [_thread_blocked, id=6072, stack(0x00000021fbf00000,0x00000021fc000000)]
  0x0000020c2f9fe800 JavaThread "Cache worker for cache directory md-supplier (C:\Users\Garik Asatryan\AndroidStudioProjects\FireAuthAndStore\gradle\caches\7.2\md-supplier)" [_thread_blocked, id=2420, stack(0x00000021fc000000,0x00000021fc100000)]
  0x0000020c2f9fe000 JavaThread "Cache worker for cache directory md-rule (C:\Users\Garik Asatryan\AndroidStudioProjects\FireAuthAndStore\gradle\caches\7.2\md-rule)" [_thread_blocked, id=8056, stack(0x00000021fc100000,0x00000021fc200000)]
  0x0000020c2f9f9800 JavaThread "Cache worker for execution history cache (C:\Users\Garik Asatryan\AndroidStudioProjects\FireAuthAndStore\gradle\caches\7.2\executionHistory)" [_thread_blocked, id=4576, stack(0x00000021fc200000,0x00000021fc300000)]
  0x0000020c2fa05000 JavaThread "jar transforms" [_thread_blocked, id=4636, stack(0x00000021fc300000,0x00000021fc400000)]
  0x0000020c2fa06000 JavaThread "Cache worker for file content cache (C:\Users\Garik Asatryan\AndroidStudioProjects\FireAuthAndStore\gradle\caches\7.2\fileContent)" [_thread_blocked, id=6748, stack(0x00000021fc400000,0x00000021fc500000)]
  0x0000020c2fa07800 JavaThread "jar transforms Thread 2" [_thread_blocked, id=896, stack(0x00000021fc500000,0x00000021fc600000)]
  0x0000020c2fa08800 JavaThread "Cache worker for dependencies-accessors (C:\Users\Garik Asatryan\AndroidStudioProjects\MyRepository\.gradle\7.2\dependencies-accessors)" [_thread_blocked, id=5828, stack(0x00000021fc600000,0x00000021fc700000)]
  0x0000020c2fa07000 JavaThread "jar transforms Thread 3" [_thread_blocked, id=7940, stack(0x00000021fc700000,0x00000021fc800000)]
  0x0000020c2fa02800 JavaThread "Cache worker for Build Output Cleanup Cache (C:\Users\Garik Asatryan\AndroidStudioProjects\MyRepository\.gradle\buildOutputCleanup)" [_thread_blocked, id=6516, stack(0x00000021fc800000,0x00000021fc900000)]
  0x0000020c2fa04800 JavaThread "Unconstrained build operations" [_thread_blocked, id=6232, stack(0x00000021fc900000,0x00000021fca00000)]
  0x0000020c3189f800 JavaThread "Unconstrained build operations Thread 2" [_thread_blocked, id=6380, stack(0x00000021fca00000,0x00000021fcb00000)]
  0x0000020c318a0000 JavaThread "Unconstrained build operations Thread 3" [_thread_blocked, id=3820, stack(0x00000021fcb00000,0x00000021fcc00000)]
  0x0000020c318a5000 JavaThread "Unconstrained build operations Thread 4" [_thread_blocked, id=5032, stack(0x00000021fcc00000,0x00000021fcd00000)]
  0x0000020c318a1800 JavaThread "Unconstrained build operations Thread 5" [_thread_blocked, id=5852, stack(0x00000021fcd00000,0x00000021fce00000)]
  0x0000020c318a6000 JavaThread "Unconstrained build operations Thread 6" [_thread_blocked, id=6024, stack(0x00000021fce00000,0x00000021fcf00000)]
  0x0000020c318a6800 JavaThread "Unconstrained build operations Thread 7" [_thread_blocked, id=2908, stack(0x00000021fcf00000,0x00000021fd000000)]
  0x0000020c318a2800 JavaThread "Unconstrained build operations Thread 8" [_thread_blocked, id=7256, stack(0x00000021fd000000,0x00000021fd100000)]
  0x0000020c318a3800 JavaThread "Unconstrained build operations Thread 9" [_thread_blocked, id=6096, stack(0x00000021fd100000,0x00000021fd200000)]
  0x0000020c318a1000 JavaThread "Unconstrained build operations Thread 10" [_thread_blocked, id=7748, stack(0x00000021fd200000,0x00000021fd300000)]
  0x0000020c318a7800 JavaThread "Unconstrained build operations Thread 11" [_thread_blocked, id=7868, stack(0x00000021fd300000,0x00000021fd400000)]
  0x0000020c318aa000 JavaThread "Unconstrained build operations Thread 12" [_thread_blocked, id=5904, stack(0x00000021fd400000,0x00000021fd500000)]
  0x0000020c318a4000 JavaThread "Unconstrained build operations Thread 13" [_thread_blocked, id=4004, stack(0x00000021fd500000,0x00000021fd600000)]
  0x0000020c318aa800 JavaThread "Unconstrained build operations Thread 14" [_thread_blocked, id=7036, stack(0x00000021fd600000,0x00000021fd700000)]
  0x0000020c318a8800 JavaThread "Unconstrained build operations Thread 15" [_thread_blocked, id=1004, stack(0x00000021fd700000,0x00000021fd800000)]
  0x0000020c318ab800 JavaThread "Unconstrained build operations Thread 16" [_thread_blocked, id=6156, stack(0x00000021fd800000,0x00000021fd900000)]
  0x0000020c318ac800 JavaThread "Unconstrained build operations Thread 17" [_thread_blocked, id=6760, stack(0x00000021fd900000,0x00000021fda00000)]
  0x0000020c318a9000 JavaThread "Unconstrained build operations Thread 18" [_thread_blocked, id=1212, stack(0x00000021fda00000,0x00000021fdb00000)]
  0x0000020c318ad000 JavaThread "Unconstrained build operations Thread 19" [_thread_blocked, id=2972, stack(0x00000021fdb00000,0x00000021fdc00000)]
  0x0000020c318ae000 JavaThread "Unconstrained build operations Thread 20" [_thread_blocked, id=3344, stack(0x00000021fdc00000,0x00000021fdd00000)]
  0x0000020c2cb24800 JavaThread "Unconstrained build operations Thread 21" [_thread_blocked, id=6876, stack(0x00000021fdd00000,0x00000021fde00000)]
  0x0000020c2cb23000 JavaThread "Unconstrained build operations Thread 22" [_thread_blocked, id=5180, stack(0x00000021fde00000,0x00000021fdf00000)]
  0x0000020c2cb24000 JavaThread "Unconstrained build operations Thread 23" [_thread_blocked, id=4176, stack(0x00000021fdf00000,0x00000021fe000000)]
  0x0000020c2cb22000 JavaThread "Unconstrained build operations Thread 24" [_thread_blocked, id=1796, stack(0x00000021fe000000,0x00000021fe100000)]
  0x0000020c2cb25800 JavaThread "Unconstrained build operations Thread 25" [_thread_blocked, id=5636, stack(0x00000021fe100000,0x00000021fe200000)]
  0x0000020c2cb21800 JavaThread "Unconstrained build operations Thread 26" [_thread_blocked, id=4744, stack(0x00000021fe200000,0x00000021fe300000)]
  0x0000020c2cb20000 JavaThread "Unconstrained build operations Thread 27" [_thread_blocked, id=7660, stack(0x00000021fe300000,0x00000021fe400000)]
  0x0000020c2cb20800 JavaThread "Unconstrained build operations Thread 28" [_thread_blocked, id=2936, stack(0x00000021fe400000,0x00000021fe500000)]
  0x0000020c2cb27000 JavaThread "Unconstrained build operations Thread 29" [_thread_blocked, id=7420, stack(0x00000021fe500000,0x00000021fe600000)]
  0x0000020c2cb26800 JavaThread "Unconstrained build operations Thread 30" [_thread_blocked, id=1432, stack(0x00000021fe600000,0x00000021fe700000)]
  0x0000020c2cb2c000 JavaThread "Unconstrained build operations Thread 31" [_thread_blocked, id=4384, stack(0x00000021fe700000,0x00000021fe800000)]
  0x0000020c2cb28800 JavaThread "Unconstrained build operations Thread 32" [_thread_blocked, id=4420, stack(0x00000021fe800000,0x00000021fe900000)]
  0x0000020c2cb2d000 JavaThread "Unconstrained build operations Thread 33" [_thread_blocked, id=3336, stack(0x00000021fe900000,0x00000021fea00000)]
  0x0000020c2cb2d800 JavaThread "Unconstrained build operations Thread 34" [_thread_blocked, id=7792, stack(0x00000021fea00000,0x00000021feb00000)]
  0x0000020c2cb29800 JavaThread "Unconstrained build operations Thread 35" [_thread_blocked, id=5300, stack(0x00000021feb00000,0x00000021fec00000)]
  0x0000020c2cb2a800 JavaThread "Unconstrained build operations Thread 36" [_thread_blocked, id=6316, stack(0x00000021fec00000,0x00000021fed00000)]
  0x0000020c2cb28000 JavaThread "Unconstrained build operations Thread 37" [_thread_blocked, id=7076, stack(0x00000021fed00000,0x00000021fee00000)]
  0x0000020c2cb2e800 JavaThread "Unconstrained build operations Thread 38" [_thread_blocked, id=5892, stack(0x00000021fee00000,0x00000021fef00000)]
  0x0000020c2cb2b000 JavaThread "Unconstrained build operations Thread 39" [_thread_blocked, id=2888, stack(0x00000021fef00000,0x00000021ff000000)]
  0x0000020c2c14e000 JavaThread "Unconstrained build operations Thread 40" [_thread_blocked, id=3548, stack(0x00000021ff000000,0x00000021ff100000)]
  0x0000020c2c14e800 JavaThread "jar transforms Thread 4" [_thread_blocked, id=6432, stack(0x00000021ff100000,0x00000021ff200000)]
  0x0000020c2c14f800 JavaThread "Memory manager" [_thread_blocked, id=360, stack(0x00000021ff200000,0x00000021ff300000)]

Other Threads:
=>0x0000020c2b31c800 VMThread "VM Thread" [stack: 0x00000021fa000000,0x00000021fa100000] [id=3196]
  0x0000020c2bd79000 WatcherThread [stack: 0x00000021faa00000,0x00000021fab00000] [id=4256]
  0x0000020c1179e000 GCTaskThread "GC Thread#0" [stack: 0x00000021f9b00000,0x00000021f9c00000] [id=5080]
  0x0000020c2c7d6800 GCTaskThread "GC Thread#1" [stack: 0x00000021fac00000,0x00000021fad00000] [id=4192]
  0x0000020c2e0e0000 GCTaskThread "GC Thread#2" [stack: 0x00000021fae00000,0x00000021faf00000] [id=7236]
  0x0000020c2d44f800 GCTaskThread "GC Thread#3" [stack: 0x00000021faf00000,0x00000021fb000000] [id=3496]
  0x0000020c117d2000 ConcurrentGCThread "G1 Main Marker" [stack: 0x00000021f9c00000,0x00000021f9d00000] [id=1700]
  0x0000020c117d3800 ConcurrentGCThread "G1 Conc#0" [stack: 0x00000021f9d00000,0x00000021f9e00000] [id=4292]
  0x0000020c2b184800 ConcurrentGCThread "G1 Refine#0" [stack: 0x00000021f9e00000,0x00000021f9f00000] [id=3872]
  0x0000020c2b185800 ConcurrentGCThread "G1 Young RemSet Sampling" [stack: 0x00000021f9f00000,0x00000021fa000000] [id=6332]

Threads with active compile tasks:
C2 CompilerThread0  15414 6101   !   4       java.util.jar.Attributes::read (390 bytes)
C1 CompilerThread0  15414 6107  s    3       java.io.ByteArrayInputStream::skip (43 bytes)
C2 CompilerThread1  15414 6050       4       org.objectweb.asm.Frame::execute (2318 bytes)

VM state:at safepoint (normal execution)

VM Mutex/Monitor currently owned by a thread:  ([mutex/lock_event])
[0x0000020c11782b80] Threads_lock - owner thread: 0x0000020c2b31c800
[0x0000020c11783c60] Heap_lock - owner thread: 0x0000020c117d2000

Heap address: 0x0000000080000000, size: 2048 MB, Compressed Oops mode: 32-bit
Narrow klass base: 0x0000000000000000, Narrow klass shift: 3
Compressed class space size: 1073741824 Address: 0x0000000100000000

Heap:
 garbage-first heap   total 138240K, used 57623K [0x0000000080000000, 0x0000000100000000)
  region size 1024K, 6 young (6144K), 3 survivors (3072K)
 Metaspace       used 60028K, capacity 61459K, committed 61788K, reserved 1103872K
  class space    used 7602K, capacity 8115K, committed 8192K, reserved 1048576K
Heap Regions: E=young(eden), S=young(survivor), O=old, HS=humongous(starts), HC=humongous(continues), CS=collection set, F=free, A=archive, TAMS=top-at-mark-start (previous, next)
|   0|0x0000000080000000, 0x0000000080100000, 0x0000000080100000|100%|HS|  |TAMS 0x0000000080100000, 0x0000000080100000| Complete 
|   1|0x0000000080100000, 0x0000000080200000, 0x0000000080200000|100%|HC|  |TAMS 0x0000000080200000, 0x0000000080200000| Complete 
|   2|0x0000000080200000, 0x0000000080300000, 0x0000000080300000|100%|HC|  |TAMS 0x0000000080300000, 0x0000000080300000| Complete 
|   3|0x0000000080300000, 0x0000000080400000, 0x0000000080400000|100%| O|  |TAMS 0x0000000080400000, 0x0000000080400000| Untracked 
|   4|0x0000000080400000, 0x0000000080500000, 0x0000000080500000|100%| O|  |TAMS 0x0000000080500000, 0x0000000080500000| Untracked 
|   5|0x0000000080500000, 0x0000000080600000, 0x0000000080600000|100%| O|  |TAMS 0x0000000080600000, 0x0000000080600000| Untracked 
|   6|0x0000000080600000, 0x0000000080700000, 0x0000000080700000|100%| O|  |TAMS 0x0000000080700000, 0x0000000080700000| Untracked 
|   7|0x0000000080700000, 0x0000000080800000, 0x0000000080800000|100%| O|  |TAMS 0x0000000080800000, 0x0000000080800000| Untracked 
|   8|0x0000000080800000, 0x0000000080900000, 0x0000000080900000|100%| O|  |TAMS 0x0000000080900000, 0x0000000080900000| Untracked 
|   9|0x0000000080900000, 0x0000000080a00000, 0x0000000080a00000|100%| O|  |TAMS 0x0000000080a00000, 0x0000000080a00000| Untracked 
|  10|0x0000000080a00000, 0x0000000080b00000, 0x0000000080b00000|100%| O|  |TAMS 0x0000000080b00000, 0x0000000080b00000| Untracked 
|  11|0x0000000080b00000, 0x0000000080c00000, 0x0000000080c00000|100%| O|  |TAMS 0x0000000080c00000, 0x0000000080c00000| Untracked 
|  12|0x0000000080c00000, 0x0000000080d00000, 0x0000000080d00000|100%| O|  |TAMS 0x0000000080d00000, 0x0000000080d00000| Untracked 
|  13|0x0000000080d00000, 0x0000000080e00000, 0x0000000080e00000|100%| O|  |TAMS 0x0000000080e00000, 0x0000000080e00000| Untracked 
|  14|0x0000000080e00000, 0x0000000080f00000, 0x0000000080f00000|100%| O|  |TAMS 0x0000000080f00000, 0x0000000080f00000| Untracked 
|  15|0x0000000080f00000, 0x0000000081000000, 0x0000000081000000|100%| O|  |TAMS 0x0000000081000000, 0x0000000081000000| Untracked 
|  16|0x0000000081000000, 0x0000000081100000, 0x0000000081100000|100%| O|  |TAMS 0x0000000081100000, 0x0000000081100000| Untracked 
|  17|0x0000000081100000, 0x0000000081200000, 0x0000000081200000|100%| O|  |TAMS 0x0000000081200000, 0x0000000081200000| Untracked 
|  18|0x0000000081200000, 0x0000000081300000, 0x0000000081300000|100%| O|  |TAMS 0x000000008122c400, 0x0000000081300000| Untracked 
|  19|0x0000000081300000, 0x0000000081400000, 0x0000000081400000|100%| O|  |TAMS 0x0000000081300000, 0x0000000081400000| Untracked 
|  20|0x0000000081400000, 0x0000000081500000, 0x0000000081500000|100%| O|  |TAMS 0x0000000081400000, 0x0000000081500000| Untracked 
|  21|0x0000000081500000, 0x0000000081600000, 0x0000000081600000|100%| O|  |TAMS 0x0000000081500000, 0x0000000081600000| Untracked 
|  22|0x0000000081600000, 0x0000000081700000, 0x0000000081700000|100%| O|  |TAMS 0x0000000081600000, 0x0000000081700000| Untracked 
|  23|0x0000000081700000, 0x0000000081800000, 0x0000000081800000|100%| O|  |TAMS 0x0000000081700000, 0x0000000081800000| Untracked 
|  24|0x0000000081800000, 0x0000000081900000, 0x0000000081900000|100%| O|  |TAMS 0x0000000081800000, 0x0000000081900000| Untracked 
|  25|0x0000000081900000, 0x0000000081a00000, 0x0000000081a00000|100%| O|  |TAMS 0x0000000081900000, 0x0000000081a00000| Untracked 
|  26|0x0000000081a00000, 0x0000000081b00000, 0x0000000081b00000|100%| O|  |TAMS 0x0000000081a00000, 0x0000000081b00000| Untracked 
|  27|0x0000000081b00000, 0x0000000081c00000, 0x0000000081c00000|100%| O|  |TAMS 0x0000000081b00000, 0x0000000081c00000| Untracked 
|  28|0x0000000081c00000, 0x0000000081d00000, 0x0000000081d00000|100%| O|  |TAMS 0x0000000081c00000, 0x0000000081d00000| Untracked 
|  29|0x0000000081d00000, 0x0000000081e00000, 0x0000000081e00000|100%|HS|  |TAMS 0x0000000081d00000, 0x0000000081e00000| Complete 
|  30|0x0000000081e00000, 0x0000000081f00000, 0x0000000081f00000|100%|HS|  |TAMS 0x0000000081e00000, 0x0000000081f00000| Complete 
|  31|0x0000000081f00000, 0x0000000082000000, 0x0000000082000000|100%|HS|  |TAMS 0x0000000081f00000, 0x0000000082000000| Complete 
|  32|0x0000000082000000, 0x0000000082100000, 0x0000000082100000|100%|HS|  |TAMS 0x0000000082000000, 0x0000000082100000| Complete 
|  33|0x0000000082100000, 0x0000000082200000, 0x0000000082200000|100%|HS|  |TAMS 0x0000000082100000, 0x0000000082200000| Complete 
|  34|0x0000000082200000, 0x0000000082300000, 0x0000000082300000|100%|HC|  |TAMS 0x0000000082200000, 0x0000000082300000| Complete 
|  35|0x0000000082300000, 0x0000000082400000, 0x0000000082400000|100%|HC|  |TAMS 0x0000000082300000, 0x0000000082400000| Complete 
|  36|0x0000000082400000, 0x0000000082500000, 0x0000000082500000|100%|HS|  |TAMS 0x0000000082400000, 0x0000000082500000| Complete 
|  37|0x0000000082500000, 0x0000000082600000, 0x0000000082600000|100%|HC|  |TAMS 0x0000000082500000, 0x0000000082600000| Complete 
|  38|0x0000000082600000, 0x0000000082700000, 0x0000000082700000|100%| O|  |TAMS 0x0000000082600000, 0x0000000082700000| Untracked 
|  39|0x0000000082700000, 0x0000000082800000, 0x0000000082800000|100%| O|  |TAMS 0x0000000082700000, 0x0000000082800000| Untracked 
|  40|0x0000000082800000, 0x0000000082900000, 0x0000000082900000|100%| O|  |TAMS 0x0000000082800000, 0x0000000082900000| Untracked 
|  41|0x0000000082900000, 0x0000000082a00000, 0x0000000082a00000|100%| O|  |TAMS 0x0000000082900000, 0x0000000082a00000| Untracked 
|  42|0x0000000082a00000, 0x0000000082b00000, 0x0000000082b00000|100%| O|  |TAMS 0x0000000082a00000, 0x0000000082b00000| Untracked 
|  43|0x0000000082b00000, 0x0000000082c00000, 0x0000000082c00000|100%| O|  |TAMS 0x0000000082b00000, 0x0000000082c00000| Untracked 
|  44|0x0000000082c00000, 0x0000000082d00000, 0x0000000082d00000|100%| O|  |TAMS 0x0000000082c00000, 0x0000000082d00000| Untracked 
|  45|0x0000000082d00000, 0x0000000082e00000, 0x0000000082e00000|100%| O|  |TAMS 0x0000000082d00000, 0x0000000082e00000| Untracked 
|  46|0x0000000082e00000, 0x0000000082e00000, 0x0000000082f00000|  0%| F|  |TAMS 0x0000000082e00000, 0x0000000082e00000| Untracked 
|  47|0x0000000082f00000, 0x0000000082f00000, 0x0000000083000000|  0%| F|  |TAMS 0x0000000082f00000, 0x0000000082f00000| Untracked 
|  48|0x0000000083000000, 0x0000000083000000, 0x0000000083100000|  0%| F|  |TAMS 0x0000000083000000, 0x0000000083000000| Untracked 
|  49|0x0000000083100000, 0x0000000083100000, 0x0000000083200000|  0%| F|  |TAMS 0x0000000083100000, 0x0000000083100000| Untracked 
|  50|0x0000000083200000, 0x0000000083200000, 0x0000000083300000|  0%| F|  |TAMS 0x0000000083200000, 0x0000000083200000| Untracked 
|  51|0x0000000083300000, 0x0000000083300000, 0x0000000083400000|  0%| F|  |TAMS 0x0000000083300000, 0x0000000083300000| Untracked 
|  52|0x0000000083400000, 0x0000000083400000, 0x0000000083500000|  0%| F|  |TAMS 0x0000000083400000, 0x0000000083400000| Untracked 
|  53|0x0000000083500000, 0x0000000083500000, 0x0000000083600000|  0%| F|  |TAMS 0x0000000083500000, 0x0000000083500000| Untracked 
|  54|0x0000000083600000, 0x0000000083700000, 0x0000000083700000|100%| O|  |TAMS 0x0000000083600000, 0x0000000083700000| Untracked 
|  55|0x0000000083700000, 0x0000000083800000, 0x0000000083800000|100%| O|  |TAMS 0x0000000083700000, 0x0000000083800000| Untracked 
|  56|0x0000000083800000, 0x0000000083900000, 0x0000000083900000|100%| O|  |TAMS 0x0000000083800000, 0x0000000083900000| Untracked 
|  57|0x0000000083900000, 0x0000000083a00000, 0x0000000083a00000|100%| O|  |TAMS 0x0000000083900000, 0x0000000083a00000| Untracked 
|  58|0x0000000083a00000, 0x0000000083b00000, 0x0000000083b00000|100%| O|  |TAMS 0x0000000083a00000, 0x0000000083b00000| Untracked 
|  59|0x0000000083b00000, 0x0000000083bf7a00, 0x0000000083c00000| 96%| O|  |TAMS 0x0000000083b00000, 0x0000000083bf7a00| Untracked 
|  60|0x0000000083c00000, 0x0000000083c00000, 0x0000000083d00000|  0%| F|  |TAMS 0x0000000083c00000, 0x0000000083c00000| Untracked 
|  61|0x0000000083d00000, 0x0000000083d00000, 0x0000000083e00000|  0%| F|  |TAMS 0x0000000083d00000, 0x0000000083d00000| Untracked 
|  62|0x0000000083e00000, 0x0000000083e00000, 0x0000000083f00000|  0%| F|  |TAMS 0x0000000083e00000, 0x0000000083e00000| Untracked 
|  63|0x0000000083f00000, 0x0000000083f00000, 0x0000000084000000|  0%| F|  |TAMS 0x0000000083f00000, 0x0000000083f00000| Untracked 
|  64|0x0000000084000000, 0x0000000084000000, 0x0000000084100000|  0%| F|  |TAMS 0x0000000084000000, 0x0000000084000000| Untracked 
|  65|0x0000000084100000, 0x0000000084100000, 0x0000000084200000|  0%| F|  |TAMS 0x0000000084100000, 0x0000000084100000| Untracked 
|  66|0x0000000084200000, 0x0000000084200000, 0x0000000084300000|  0%| F|  |TAMS 0x0000000084200000, 0x0000000084200000| Untracked 
|  67|0x0000000084300000, 0x0000000084300000, 0x0000000084400000|  0%| F|  |TAMS 0x0000000084300000, 0x0000000084300000| Untracked 
|  68|0x0000000084400000, 0x0000000084400000, 0x0000000084500000|  0%| F|  |TAMS 0x0000000084400000, 0x0000000084400000| Untracked 
|  69|0x0000000084500000, 0x0000000084500000, 0x0000000084600000|  0%| F|  |TAMS 0x0000000084500000, 0x0000000084500000| Untracked 
|  70|0x0000000084600000, 0x0000000084600000, 0x0000000084700000|  0%| F|  |TAMS 0x0000000084600000, 0x0000000084600000| Untracked 
|  71|0x0000000084700000, 0x0000000084700000, 0x0000000084800000|  0%| F|  |TAMS 0x0000000084700000, 0x0000000084700000| Untracked 
|  72|0x0000000084800000, 0x0000000084800000, 0x0000000084900000|  0%| F|  |TAMS 0x0000000084800000, 0x0000000084800000| Untracked 
|  73|0x0000000084900000, 0x0000000084900000, 0x0000000084a00000|  0%| F|  |TAMS 0x0000000084900000, 0x0000000084900000| Untracked 
|  74|0x0000000084a00000, 0x0000000084a00000, 0x0000000084b00000|  0%| F|  |TAMS 0x0000000084a00000, 0x0000000084a00000| Untracked 
|  75|0x0000000084b00000, 0x0000000084b00000, 0x0000000084c00000|  0%| F|  |TAMS 0x0000000084b00000, 0x0000000084b00000| Untracked 
|  76|0x0000000084c00000, 0x0000000084c00000, 0x0000000084d00000|  0%| F|  |TAMS 0x0000000084c00000, 0x0000000084c00000| Untracked 
|  77|0x0000000084d00000, 0x0000000084d00000, 0x0000000084e00000|  0%| F|  |TAMS 0x0000000084d00000, 0x0000000084d00000| Untracked 
|  78|0x0000000084e00000, 0x0000000084e00000, 0x0000000084f00000|  0%| F|  |TAMS 0x0000000084e00000, 0x0000000084e00000| Untracked 
|  79|0x0000000084f00000, 0x0000000084f00000, 0x0000000085000000|  0%| F|  |TAMS 0x0000000084f00000, 0x0000000084f00000| Untracked 
|  80|0x0000000085000000, 0x0000000085000000, 0x0000000085100000|  0%| F|  |TAMS 0x0000000085000000, 0x0000000085000000| Untracked 
|  81|0x0000000085100000, 0x0000000085100000, 0x0000000085200000|  0%| F|  |TAMS 0x0000000085100000, 0x0000000085100000| Untracked 
|  82|0x0000000085200000, 0x0000000085200000, 0x0000000085300000|  0%| F|  |TAMS 0x0000000085200000, 0x0000000085200000| Untracked 
|  83|0x0000000085300000, 0x0000000085300000, 0x0000000085400000|  0%| F|  |TAMS 0x0000000085300000, 0x0000000085300000| Untracked 
|  84|0x0000000085400000, 0x0000000085400000, 0x0000000085500000|  0%| F|  |TAMS 0x0000000085400000, 0x0000000085400000| Untracked 
|  85|0x0000000085500000, 0x0000000085500000, 0x0000000085600000|  0%| F|  |TAMS 0x0000000085500000, 0x0000000085500000| Untracked 
|  86|0x0000000085600000, 0x0000000085600000, 0x0000000085700000|  0%| F|  |TAMS 0x0000000085600000, 0x0000000085600000| Untracked 
|  87|0x0000000085700000, 0x000000008574e450, 0x0000000085800000| 30%| S|CS|TAMS 0x0000000085700000, 0x0000000085700000| Complete 
|  88|0x0000000085800000, 0x0000000085900000, 0x0000000085900000|100%| S|CS|TAMS 0x0000000085800000, 0x0000000085800000| Complete 
|  89|0x0000000085900000, 0x0000000085a00000, 0x0000000085a00000|100%| S|CS|TAMS 0x0000000085900000, 0x0000000085900000| Complete 
|  90|0x0000000085a00000, 0x0000000085a00000, 0x0000000085b00000|  0%| F|  |TAMS 0x0000000085a00000, 0x0000000085a00000| Untracked 
|  91|0x0000000085b00000, 0x0000000085b00000, 0x0000000085c00000|  0%| F|  |TAMS 0x0000000085b00000, 0x0000000085b00000| Untracked 
|  92|0x0000000085c00000, 0x0000000085c00000, 0x0000000085d00000|  0%| F|  |TAMS 0x0000000085c00000, 0x0000000085c00000| Untracked 
|  93|0x0000000085d00000, 0x0000000085d00000, 0x0000000085e00000|  0%| F|  |TAMS 0x0000000085d00000, 0x0000000085d00000| Untracked 
|  94|0x0000000085e00000, 0x0000000085e00000, 0x0000000085f00000|  0%| F|  |TAMS 0x0000000085e00000, 0x0000000085e00000| Untracked 
|  95|0x0000000085f00000, 0x0000000085f00000, 0x0000000086000000|  0%| F|  |TAMS 0x0000000085f00000, 0x0000000085f00000| Untracked 
|  96|0x0000000086000000, 0x0000000086000000, 0x0000000086100000|  0%| F|  |TAMS 0x0000000086000000, 0x0000000086000000| Untracked 
|  97|0x0000000086100000, 0x0000000086100000, 0x0000000086200000|  0%| F|  |TAMS 0x0000000086100000, 0x0000000086100000| Untracked 
|  98|0x0000000086200000, 0x0000000086200000, 0x0000000086300000|  0%| F|  |TAMS 0x0000000086200000, 0x0000000086200000| Untracked 
|  99|0x0000000086300000, 0x0000000086300000, 0x0000000086400000|  0%| F|  |TAMS 0x0000000086300000, 0x0000000086300000| Untracked 
| 100|0x0000000086400000, 0x0000000086400000, 0x0000000086500000|  0%| F|  |TAMS 0x0000000086400000, 0x0000000086400000| Untracked 
| 101|0x0000000086500000, 0x0000000086500000, 0x0000000086600000|  0%| F|  |TAMS 0x0000000086500000, 0x0000000086500000| Untracked 
| 102|0x0000000086600000, 0x0000000086600000, 0x0000000086700000|  0%| F|  |TAMS 0x0000000086600000, 0x0000000086600000| Untracked 
| 103|0x0000000086700000, 0x0000000086700000, 0x0000000086800000|  0%| F|  |TAMS 0x0000000086700000, 0x0000000086700000| Untracked 
| 104|0x0000000086800000, 0x0000000086800000, 0x0000000086900000|  0%| F|  |TAMS 0x0000000086800000, 0x0000000086800000| Untracked 
| 105|0x0000000086900000, 0x0000000086900000, 0x0000000086a00000|  0%| F|  |TAMS 0x0000000086900000, 0x0000000086900000| Untracked 
| 106|0x0000000086a00000, 0x0000000086a00000, 0x0000000086b00000|  0%| F|  |TAMS 0x0000000086a00000, 0x0000000086a00000| Untracked 
| 107|0x0000000086b00000, 0x0000000086b00000, 0x0000000086c00000|  0%| F|  |TAMS 0x0000000086b00000, 0x0000000086b00000| Untracked 
| 108|0x0000000086c00000, 0x0000000086c00000, 0x0000000086d00000|  0%| F|  |TAMS 0x0000000086c00000, 0x0000000086c00000| Untracked 
| 109|0x0000000086d00000, 0x0000000086d00000, 0x0000000086e00000|  0%| F|  |TAMS 0x0000000086d00000, 0x0000000086d00000| Untracked 
| 110|0x0000000086e00000, 0x0000000086e00000, 0x0000000086f00000|  0%| F|  |TAMS 0x0000000086e00000, 0x0000000086e00000| Untracked 
| 111|0x0000000086f00000, 0x0000000086f00000, 0x0000000087000000|  0%| F|  |TAMS 0x0000000086f00000, 0x0000000086f00000| Untracked 
| 112|0x0000000087000000, 0x0000000087000000, 0x0000000087100000|  0%| F|  |TAMS 0x0000000087000000, 0x0000000087000000| Untracked 
| 113|0x0000000087100000, 0x0000000087100000, 0x0000000087200000|  0%| F|  |TAMS 0x0000000087100000, 0x0000000087100000| Untracked 
| 114|0x0000000087200000, 0x0000000087200000, 0x0000000087300000|  0%| F|  |TAMS 0x0000000087200000, 0x0000000087200000| Untracked 
| 115|0x0000000087300000, 0x0000000087300000, 0x0000000087400000|  0%| F|  |TAMS 0x0000000087300000, 0x0000000087300000| Untracked 
| 116|0x0000000087400000, 0x0000000087400000, 0x0000000087500000|  0%| F|  |TAMS 0x0000000087400000, 0x0000000087400000| Untracked 
| 117|0x0000000087500000, 0x0000000087500000, 0x0000000087600000|  0%| F|  |TAMS 0x0000000087500000, 0x0000000087500000| Untracked 
| 118|0x0000000087600000, 0x0000000087600000, 0x0000000087700000|  0%| F|  |TAMS 0x0000000087600000, 0x0000000087600000| Untracked 
| 119|0x0000000087700000, 0x0000000087700000, 0x0000000087800000|  0%| F|  |TAMS 0x0000000087700000, 0x0000000087700000| Untracked 
| 120|0x0000000087800000, 0x0000000087800000, 0x0000000087900000|  0%| F|  |TAMS 0x0000000087800000, 0x0000000087800000| Untracked 
| 121|0x0000000087900000, 0x0000000087900000, 0x0000000087a00000|  0%| F|  |TAMS 0x0000000087900000, 0x0000000087900000| Untracked 
| 122|0x0000000087a00000, 0x0000000087a00000, 0x0000000087b00000|  0%| F|  |TAMS 0x0000000087a00000, 0x0000000087a00000| Untracked 
| 123|0x0000000087b00000, 0x0000000087b00000, 0x0000000087c00000|  0%| F|  |TAMS 0x0000000087b00000, 0x0000000087b00000| Untracked 
| 124|0x0000000087c00000, 0x0000000087c00000, 0x0000000087d00000|  0%| F|  |TAMS 0x0000000087c00000, 0x0000000087c00000| Untracked 
| 125|0x0000000087d00000, 0x0000000087d00000, 0x0000000087e00000|  0%| F|  |TAMS 0x0000000087d00000, 0x0000000087d00000| Untracked 
| 126|0x0000000087e00000, 0x0000000087e00000, 0x0000000087f00000|  0%| F|  |TAMS 0x0000000087e00000, 0x0000000087e00000| Untracked 
| 127|0x0000000087f00000, 0x0000000087f00000, 0x0000000088000000|  0%| F|  |TAMS 0x0000000087f00000, 0x0000000087f00000| Untracked 
| 128|0x0000000088000000, 0x0000000088000000, 0x0000000088100000|  0%| F|  |TAMS 0x0000000088000000, 0x0000000088000000| Untracked 
| 129|0x0000000088100000, 0x0000000088100000, 0x0000000088200000|  0%| F|  |TAMS 0x0000000088100000, 0x0000000088100000| Untracked 
| 130|0x0000000088200000, 0x0000000088200000, 0x0000000088300000|  0%| F|  |TAMS 0x0000000088200000, 0x0000000088200000| Untracked 
| 131|0x0000000088300000, 0x0000000088300000, 0x0000000088400000|  0%| F|  |TAMS 0x0000000088300000, 0x0000000088300000| Untracked 
| 132|0x0000000088400000, 0x0000000088500000, 0x0000000088500000|100%| E|  |TAMS 0x0000000088400000, 0x0000000088400000| Complete 
| 133|0x0000000088500000, 0x0000000088600000, 0x0000000088600000|100%| E|CS|TAMS 0x0000000088500000, 0x0000000088500000| Complete 
| 134|0x0000000088600000, 0x0000000088700000, 0x0000000088700000|100%| E|CS|TAMS 0x0000000088600000, 0x0000000088600000| Complete 

Card table byte_map: [0x0000020c24620000,0x0000020c24a20000] _byte_map_base: 0x0000020c24220000

Marking Bits (Prev, Next): (CMBitMap*) 0x0000020c117c94f8, (CMBitMap*) 0x0000020c117c9530
 Prev Bits: [0x0000020c24e20000, 0x0000020c26e20000)
 Next Bits: [0x0000020c26e20000, 0x0000020c28e20000)

Polling page: 0x0000020c10f00000

Metaspace:

Usage:
  Non-class:     52.09 MB capacity,    51.20 MB ( 98%) used,   761.81 KB (  1%) free+waste,   155.50 KB ( <1%) overhead. 
      Class:      7.92 MB capacity,     7.42 MB ( 94%) used,   439.59 KB (  5%) free+waste,    73.38 KB ( <1%) overhead. 
       Both:     60.02 MB capacity,    58.62 MB ( 98%) used,     1.17 MB (  2%) free+waste,   228.88 KB ( <1%) overhead. 

Virtual space:
  Non-class space:       54.00 MB reserved,      52.34 MB ( 97%) committed 
      Class space:        1.00 GB reserved,       8.00 MB ( <1%) committed 
             Both:        1.05 GB reserved,      60.34 MB (  6%) committed 

Chunk freelists:
   Non-Class:  60.00 KB
       Class:  13.00 KB
        Both:  73.00 KB

MaxMetaspaceSize: 17179869184.00 GB
CompressedClassSpaceSize: 1.00 GB

CodeHeap 'non-profiled nmethods': size=120064Kb used=3340Kb max_used=3340Kb free=116723Kb
 bounds [0x0000020c1cce0000, 0x0000020c1d030000, 0x0000020c24220000]
CodeHeap 'profiled nmethods': size=120000Kb used=12842Kb max_used=12842Kb free=107157Kb
 bounds [0x0000020c157b0000, 0x0000020c16440000, 0x0000020c1cce0000]
CodeHeap 'non-nmethods': size=5696Kb used=2251Kb max_used=2289Kb free=3444Kb
 bounds [0x0000020c15220000, 0x0000020c15490000, 0x0000020c157b0000]
 total_blobs=6912 nmethods=6076 adapters=747
 compilation: enabled
              stopped_count=0, restarted_count=0
 full_count=0

Compilation events (20 events):
Event: 15.223 Thread 0x0000020c2b33e000 nmethod 6096 0x0000020c16438690 code [0x0000020c16438860, 0x0000020c16438a98]
Event: 15.223 Thread 0x0000020c2b33e000 6097       3       sun.security.util.DerInputStream::available (8 bytes)
Event: 15.223 Thread 0x0000020c2b33e000 nmethod 6097 0x0000020c16438b90 code [0x0000020c16438d40, 0x0000020c164390b8]
Event: 15.224 Thread 0x0000020c2b33b000 6098       4       java.lang.StringCoding::decodeUTF8 (45 bytes)
Event: 15.224 Thread 0x0000020c2b33e000 6100       3       java.lang.ThreadLocal::get (38 bytes)
Event: 15.225 Thread 0x0000020c2b33e000 nmethod 6100 0x0000020c16439190 code [0x0000020c16439380, 0x0000020c16439648]
Event: 15.229 Thread 0x0000020c2b33e000 6102  s    2       java.io.ByteArrayOutputStream::write (43 bytes)
Event: 15.229 Thread 0x0000020c2b33e000 nmethod 6102 0x0000020c16439790 code [0x0000020c16439960, 0x0000020c16439d68]
Event: 15.230 Thread 0x0000020c2b33e000 6103       1       sun.util.calendar.CalendarDate::getDayOfMonth (5 bytes)
Event: 15.230 Thread 0x0000020c2b33e000 nmethod 6103 0x0000020c1d021b10 code [0x0000020c1d021cc0, 0x0000020c1d021d78]
Event: 15.230 Thread 0x0000020c2b33e000 6104       1       sun.util.calendar.BaseCalendar$Date::getCachedJan1 (5 bytes)
Event: 15.230 Thread 0x0000020c2b33e000 nmethod 6104 0x0000020c1d021e10 code [0x0000020c1d021fc0, 0x0000020c1d022078]
Event: 15.230 Thread 0x0000020c2b33e000 6105       3       sun.security.util.DerInputStream::<init> (19 bytes)
Event: 15.230 Thread 0x0000020c2b33e000 nmethod 6105 0x0000020c16439f10 code [0x0000020c1643a0e0, 0x0000020c1643a378]
Event: 15.243 Thread 0x0000020c2b33e000 6106  s    1       java.util.Vector::size (5 bytes)
Event: 15.243 Thread 0x0000020c2b33e000 nmethod 6106 0x0000020c1d022110 code [0x0000020c1d0222c0, 0x0000020c1d0224d8]
Event: 15.244 Thread 0x0000020c2b33b000 nmethod 6098 0x0000020c1d022590 code [0x0000020c1d022760, 0x0000020c1d022fd8]
Event: 15.244 Thread 0x0000020c2b33e000 6107  s    3       java.io.ByteArrayInputStream::skip (43 bytes)
Event: 15.244 Thread 0x0000020c2b33b000 6101   !   4       java.util.jar.Attributes::read (390 bytes)
Event: 15.244 Thread 0x0000020c2b33e000 nmethod 6107 0x0000020c1643a490 code [0x0000020c1643a640, 0x0000020c1643a958]

GC Heap History (20 events):
Event: 6.535 GC heap before
{Heap before GC invocations=9 (full 0):
 garbage-first heap   total 78848K, used 51292K [0x0000000080000000, 0x0000000100000000)
  region size 1024K, 35 young (35840K), 3 survivors (3072K)
 Metaspace       used 26941K, capacity 27539K, committed 27648K, reserved 1073152K
  class space    used 3544K, capacity 3769K, committed 3840K, reserved 1048576K
}
Event: 6.544 GC heap after
{Heap after GC invocations=10 (full 0):
 garbage-first heap   total 78848K, used 19843K [0x0000000080000000, 0x0000000100000000)
  region size 1024K, 3 young (3072K), 3 survivors (3072K)
 Metaspace       used 26941K, capacity 27539K, committed 27648K, reserved 1073152K
  class space    used 3544K, capacity 3769K, committed 3840K, reserved 1048576K
}
Event: 7.262 GC heap before
{Heap before GC invocations=10 (full 0):
 garbage-first heap   total 78848K, used 52611K [0x0000000080000000, 0x0000000100000000)
  region size 1024K, 35 young (35840K), 3 survivors (3072K)
 Metaspace       used 30977K, capacity 31695K, committed 31872K, reserved 1077248K
  class space    used 4151K, capacity 4432K, committed 4480K, reserved 1048576K
}
Event: 7.273 GC heap after
{Heap after GC invocations=11 (full 0):
 garbage-first heap   total 95232K, used 21242K [0x0000000080000000, 0x0000000100000000)
  region size 1024K, 4 young (4096K), 4 survivors (4096K)
 Metaspace       used 30977K, capacity 31695K, committed 31872K, reserved 1077248K
  class space    used 4151K, capacity 4432K, committed 4480K, reserved 1048576K
}
Event: 7.858 GC heap before
{Heap before GC invocations=11 (full 0):
 garbage-first heap   total 95232K, used 32506K [0x0000000080000000, 0x0000000100000000)
  region size 1024K, 16 young (16384K), 4 survivors (4096K)
 Metaspace       used 35094K, capacity 35922K, committed 36048K, reserved 1081344K
  class space    used 4559K, capacity 4863K, committed 4864K, reserved 1048576K
}
Event: 7.874 GC heap after
{Heap after GC invocations=12 (full 0):
 garbage-first heap   total 95232K, used 23535K [0x0000000080000000, 0x0000000100000000)
  region size 1024K, 5 young (5120K), 5 survivors (5120K)
 Metaspace       used 35094K, capacity 35922K, committed 36048K, reserved 1081344K
  class space    used 4559K, capacity 4863K, committed 4864K, reserved 1048576K
}
Event: 8.653 GC heap before
{Heap before GC invocations=13 (full 0):
 garbage-first heap   total 95232K, used 57327K [0x0000000080000000, 0x0000000100000000)
  region size 1024K, 39 young (39936K), 5 survivors (5120K)
 Metaspace       used 37706K, capacity 38598K, committed 38684K, reserved 1083392K
  class space    used 4874K, capacity 5197K, committed 5248K, reserved 1048576K
}
Event: 8.669 GC heap after
{Heap after GC invocations=14 (full 0):
 garbage-first heap   total 95232K, used 26579K [0x0000000080000000, 0x0000000100000000)
  region size 1024K, 5 young (5120K), 5 survivors (5120K)
 Metaspace       used 37706K, capacity 38598K, committed 38684K, reserved 1083392K
  class space    used 4874K, capacity 5197K, committed 5248K, reserved 1048576K
}
Event: 9.523 GC heap before
{Heap before GC invocations=14 (full 0):
 garbage-first heap   total 95232K, used 66515K [0x0000000080000000, 0x0000000100000000)
  region size 1024K, 41 young (41984K), 5 survivors (5120K)
 Metaspace       used 40581K, capacity 41488K, committed 41628K, reserved 1085440K
  class space    used 5199K, capacity 5539K, committed 5632K, reserved 1048576K
}
Event: 9.537 GC heap after
{Heap after GC invocations=15 (full 0):
 garbage-first heap   total 95232K, used 28977K [0x0000000080000000, 0x0000000100000000)
  region size 1024K, 6 young (6144K), 6 survivors (6144K)
 Metaspace       used 40581K, capacity 41488K, committed 41628K, reserved 1085440K
  class space    used 5199K, capacity 5539K, committed 5632K, reserved 1048576K
}
Event: 10.378 GC heap before
{Heap before GC invocations=15 (full 0):
 garbage-first heap   total 95232K, used 66865K [0x0000000080000000, 0x0000000100000000)
  region size 1024K, 42 young (43008K), 6 survivors (6144K)
 Metaspace       used 44277K, capacity 45335K, committed 45468K, reserved 1089536K
  class space    used 5654K, capacity 6023K, committed 6144K, reserved 1048576K
}
Event: 10.393 GC heap after
{Heap after GC invocations=16 (full 0):
 garbage-first heap   total 114688K, used 30535K [0x0000000080000000, 0x0000000100000000)
  region size 1024K, 5 young (5120K), 5 survivors (5120K)
 Metaspace       used 44277K, capacity 45335K, committed 45468K, reserved 1089536K
  class space    used 5654K, capacity 6023K, committed 6144K, reserved 1048576K
}
Event: 11.577 GC heap before
{Heap before GC invocations=16 (full 0):
 garbage-first heap   total 114688K, used 79687K [0x0000000080000000, 0x0000000100000000)
  region size 1024K, 53 young (54272K), 5 survivors (5120K)
 Metaspace       used 47571K, capacity 48711K, committed 49052K, reserved 1091584K
  class space    used 6084K, capacity 6533K, committed 6656K, reserved 1048576K
}
Event: 11.591 GC heap after
{Heap after GC invocations=17 (full 0):
 garbage-first heap   total 114688K, used 33101K [0x0000000080000000, 0x0000000100000000)
  region size 1024K, 4 young (4096K), 4 survivors (4096K)
 Metaspace       used 47571K, capacity 48711K, committed 49052K, reserved 1091584K
  class space    used 6084K, capacity 6533K, committed 6656K, reserved 1048576K
}
Event: 13.468 GC heap before
{Heap before GC invocations=17 (full 0):
 garbage-first heap   total 114688K, used 96589K [0x0000000080000000, 0x0000000100000000)
  region size 1024K, 58 young (59392K), 4 survivors (4096K)
 Metaspace       used 50621K, capacity 52002K, committed 52124K, reserved 1095680K
  class space    used 6427K, capacity 6908K, committed 6912K, reserved 1048576K
}
Event: 13.490 GC heap after
{Heap after GC invocations=18 (full 0):
 garbage-first heap   total 114688K, used 52072K [0x0000000080000000, 0x0000000100000000)
  region size 1024K, 8 young (8192K), 8 survivors (8192K)
 Metaspace       used 50621K, capacity 52002K, committed 52124K, reserved 1095680K
  class space    used 6427K, capacity 6908K, committed 6912K, reserved 1048576K
}
Event: 14.402 GC heap before
{Heap before GC invocations=18 (full 0):
 garbage-first heap   total 114688K, used 87912K [0x0000000080000000, 0x0000000100000000)
  region size 1024K, 43 young (44032K), 8 survivors (8192K)
 Metaspace       used 56109K, capacity 57470K, committed 57756K, reserved 1099776K
  class space    used 7099K, capacity 7620K, committed 7680K, reserved 1048576K
}
Event: 14.415 GC heap after
{Heap after GC invocations=19 (full 0):
 garbage-first heap   total 114688K, used 54947K [0x0000000080000000, 0x0000000100000000)
  region size 1024K, 2 young (2048K), 2 survivors (2048K)
 Metaspace       used 56109K, capacity 57470K, committed 57756K, reserved 1099776K
  class space    used 7099K, capacity 7620K, committed 7680K, reserved 1048576K
}
Event: 15.078 GC heap before
{Heap before GC invocations=19 (full 0):
 garbage-first heap   total 114688K, used 76451K [0x0000000080000000, 0x0000000100000000)
  region size 1024K, 24 young (24576K), 2 survivors (2048K)
 Metaspace       used 59104K, capacity 60560K, committed 60636K, reserved 1101824K
  class space    used 7510K, capacity 8050K, committed 8064K, reserved 1048576K
}
Event: 15.088 GC heap after
{Heap after GC invocations=20 (full 0):
 garbage-first heap   total 138240K, used 55575K [0x0000000080000000, 0x0000000100000000)
  region size 1024K, 3 young (3072K), 3 survivors (3072K)
 Metaspace       used 59104K, capacity 60560K, committed 60636K, reserved 1101824K
  class space    used 7510K, capacity 8050K, committed 8064K, reserved 1048576K
}

Deoptimization events (20 events):
Event: 15.190 Thread 0x0000020c2e232800 Uncommon trap: trap_request=0xffffff4d fr.pc=0x0000020c1cdc7ec8 relative=0x00000000000004e8
Event: 15.190 Thread 0x0000020c2e232800 Uncommon trap: reason=unstable_if action=reinterpret pc=0x0000020c1cdc7ec8 method=java.lang.String.regionMatches(ZILjava/lang/String;II)Z @ 36 c2
Event: 15.190 Thread 0x0000020c2e232800 DEOPT PACKING pc=0x0000020c1cdc7ec8 sp=0x00000021fb4f2e60
Event: 15.190 Thread 0x0000020c2e232800 DEOPT UNPACKING pc=0x0000020c152465af sp=0x00000021fb4f2e10 mode 2
Event: 15.194 Thread 0x0000020c2e232800 Uncommon trap: trap_request=0xffffffc6 fr.pc=0x0000020c1ceabe58 relative=0x00000000000007b8
Event: 15.194 Thread 0x0000020c2e232800 Uncommon trap: reason=bimorphic_or_optimized_type_check action=maybe_recompile pc=0x0000020c1ceabe58 method=java.util.regex.Pattern$Start.match(Ljava/util/regex/Matcher;ILjava/lang/CharSequence;)Z @ 44 c2
Event: 15.194 Thread 0x0000020c2e232800 DEOPT PACKING pc=0x0000020c1ceabe58 sp=0x00000021fb4f2030
Event: 15.194 Thread 0x0000020c2e232800 DEOPT UNPACKING pc=0x0000020c152465af sp=0x00000021fb4f1f80 mode 2
Event: 15.195 Thread 0x0000020c2e232800 Uncommon trap: trap_request=0xffffffc6 fr.pc=0x0000020c1ceabe58 relative=0x00000000000007b8
Event: 15.195 Thread 0x0000020c2e232800 Uncommon trap: reason=bimorphic_or_optimized_type_check action=maybe_recompile pc=0x0000020c1ceabe58 method=java.util.regex.Pattern$Start.match(Ljava/util/regex/Matcher;ILjava/lang/CharSequence;)Z @ 44 c2
Event: 15.195 Thread 0x0000020c2e232800 DEOPT PACKING pc=0x0000020c1ceabe58 sp=0x00000021fb4f2030
Event: 15.195 Thread 0x0000020c2e232800 DEOPT UNPACKING pc=0x0000020c152465af sp=0x00000021fb4f1f80 mode 2
Event: 15.195 Thread 0x0000020c2e232800 Uncommon trap: trap_request=0xffffffc6 fr.pc=0x0000020c1ceabe58 relative=0x00000000000007b8
Event: 15.195 Thread 0x0000020c2e232800 Uncommon trap: reason=bimorphic_or_optimized_type_check action=maybe_recompile pc=0x0000020c1ceabe58 method=java.util.regex.Pattern$Start.match(Ljava/util/regex/Matcher;ILjava/lang/CharSequence;)Z @ 44 c2
Event: 15.195 Thread 0x0000020c2e232800 DEOPT PACKING pc=0x0000020c1ceabe58 sp=0x00000021fb4f2030
Event: 15.195 Thread 0x0000020c2e232800 DEOPT UNPACKING pc=0x0000020c152465af sp=0x00000021fb4f1f80 mode 2
Event: 15.195 Thread 0x0000020c2e232800 Uncommon trap: trap_request=0xffffffc6 fr.pc=0x0000020c1ceabe58 relative=0x00000000000007b8
Event: 15.195 Thread 0x0000020c2e232800 Uncommon trap: reason=bimorphic_or_optimized_type_check action=maybe_recompile pc=0x0000020c1ceabe58 method=java.util.regex.Pattern$Start.match(Ljava/util/regex/Matcher;ILjava/lang/CharSequence;)Z @ 44 c2
Event: 15.195 Thread 0x0000020c2e232800 DEOPT PACKING pc=0x0000020c1ceabe58 sp=0x00000021fb4f2030
Event: 15.195 Thread 0x0000020c2e232800 DEOPT UNPACKING pc=0x0000020c152465af sp=0x00000021fb4f1f80 mode 2

Classes redefined (0 events):
No events

Internal exceptions (20 events):
Event: 12.852 Thread 0x0000020c2e1c5800 Exception <a 'java/lang/NoSuchMethodError'{0x0000000084923468}: <clinit>> (0x0000000084923468) thrown at [./src/hotspot/share/prims/jni.cpp, line 1362]
Event: 12.852 Thread 0x0000020c2e1c5800 Exception <a 'java/lang/NoSuchMethodError'{0x0000000084924578}: <clinit>> (0x0000000084924578) thrown at [./src/hotspot/share/prims/jni.cpp, line 1362]
Event: 12.852 Thread 0x0000020c2e1c5800 Exception <a 'java/lang/NoSuchMethodError'{0x0000000084925880}: <clinit>> (0x0000000084925880) thrown at [./src/hotspot/share/prims/jni.cpp, line 1362]
Event: 12.852 Thread 0x0000020c2e1c5800 Exception <a 'java/lang/NoSuchMethodError'{0x00000000849268a0}: <clinit>> (0x00000000849268a0) thrown at [./src/hotspot/share/prims/jni.cpp, line 1362]
Event: 12.858 Thread 0x0000020c2e1c5800 Exception <a 'java/lang/NoSuchMethodError'{0x0000000084939638}: <clinit>> (0x0000000084939638) thrown at [./src/hotspot/share/prims/jni.cpp, line 1362]
Event: 12.863 Thread 0x0000020c2e1c5800 Exception <a 'java/lang/NoSuchMethodError'{0x0000000084944048}: <clinit>> (0x0000000084944048) thrown at [./src/hotspot/share/prims/jni.cpp, line 1362]
Event: 12.868 Thread 0x0000020c2e1c5800 Exception <a 'java/lang/NoSuchMethodError'{0x0000000084958340}: <clinit>> (0x0000000084958340) thrown at [./src/hotspot/share/prims/jni.cpp, line 1362]
Event: 12.944 Thread 0x0000020c2e232800 Exception <a 'java/lang/ClassNotFoundException'{0x00000000849b8490}: build_dsu4n7s3rcvs0cnk1f9qvuf9zBeanInfo> (0x00000000849b8490) thrown at [./src/hotspot/share/classfile/systemDictionary.cpp, line 231]
Event: 12.945 Thread 0x0000020c2e232800 Exception <a 'java/lang/ClassNotFoundException'{0x00000000849c2b88}: build_dsu4n7s3rcvs0cnk1f9qvuf9zCustomizer> (0x00000000849c2b88) thrown at [./src/hotspot/share/classfile/systemDictionary.cpp, line 231]
Event: 13.074 Thread 0x0000020c2e232800 Exception <a 'java/lang/ClassNotFoundException'{0x0000000084638168}: org/gradle/api/internal/plugins/DefaultObjectConfigurationActionBeanInfo> (0x0000000084638168) thrown at [./src/hotspot/share/classfile/systemDictionary.cpp, line 231]
Event: 13.075 Thread 0x0000020c2e232800 Exception <a 'java/lang/ClassNotFoundException'{0x000000008466be98}: org/gradle/api/internal/plugins/DefaultObjectConfigurationActionCustomizer> (0x000000008466be98) thrown at [./src/hotspot/share/classfile/systemDictionary.cpp, line 231]
Event: 13.407 Thread 0x0000020c2e232800 Exception <a 'java/lang/NoSuchMethodError'{0x00000000838a2750}: 'java.lang.Object java.lang.invoke.DirectMethodHandle$Holder.invokeStatic(java.lang.Object, java.lang.Object, java.lang.Object, java.lang.Object, int)'> (0x00000000838a2750) thrown at [./src/hotspot/share/interpreter/linkResolver.cpp, line 773]
Event: 13.407 Thread 0x0000020c2e232800 Exception <a 'java/lang/NoSuchMethodError'{0x00000000838a7148}: 'java.lang.Object java.lang.invoke.DirectMethodHandle$Holder.invokeSpecial(java.lang.Object, java.lang.Object, java.lang.Object, java.lang.Object, java.lang.Object, int)'> (0x00000000838a7148) thrown at [./src/hotspot/share/interpreter/linkResolver.cpp, line 773]
Event: 13.408 Thread 0x0000020c2e232800 Exception <a 'java/lang/NoSuchMethodError'{0x00000000838ab788}: 'java.lang.Object java.lang.invoke.Invokers$Holder.linkToTargetMethod(java.lang.Object, java.lang.Object, java.lang.Object, int, java.lang.Object)'> (0x00000000838ab788) thrown at [./src/hotspot/share/interpreter/linkResolver.cpp, line 773]
Event: 13.782 Thread 0x0000020c2e232800 Exception <a 'java/lang/NoSuchMethodError'{0x000000008648e490}: 'java.lang.Object java.lang.invoke.DirectMethodHandle$Holder.invokeSpecial(java.lang.Object, java.lang.Object, int, int, java.lang.Object, java.lang.Object, java.lang.Object)'> (0x000000008648e490) thrown at [./src/hotspot/share/interpreter/linkResolver.cpp, line 773]
Event: 13.782 Thread 0x0000020c2e232800 Exception <a 'java/lang/NoSuchMethodError'{0x0000000086492a10}: 'java.lang.Object java.lang.invoke.DelegatingMethodHandle$Holder.reinvoke_L(java.lang.Object, int, int, java.lang.Object, java.lang.Object, java.lang.Object)'> (0x0000000086492a10) thrown at [./src/hotspot/share/interpreter/linkResolver.cpp, line 773]
Event: 14.135 Thread 0x0000020c2e232800 Exception <a 'java/lang/NoSuchMethodError'{0x00000000857a91b8}: 'int java.lang.invoke.DirectMethodHandle$Holder.invokeInterface(java.lang.Object, java.lang.Object, java.lang.Object, java.lang.Object)'> (0x00000000857a91b8) thrown at [./src/hotspot/share/interpreter/linkResolver.cpp, line 773]
Event: 14.613 Thread 0x0000020c2e232800 Exception <a 'java/lang/NoSuchMethodError'{0x0000000086a62aa0}: 'void java.lang.invoke.DirectMethodHandle$Holder.invokeInterface(java.lang.Object, java.lang.Object, java.lang.Object, java.lang.Object)'> (0x0000000086a62aa0) thrown at [./src/hotspot/share/interpreter/linkResolver.cpp, line 773]
Event: 14.838 Thread 0x0000020c2e232800 Exception <a 'java/lang/IncompatibleClassChangeError'{0x00000000862d0cf8}: Found class java.lang.Object, but interface was expected> (0x00000000862d0cf8) thrown at [./src/hotspot/share/interpreter/linkResolver.cpp, line 839]
Event: 15.124 Thread 0x0000020c2e232800 Implicit null exception at 0x0000020c1ce69c8d to 0x0000020c1ce69e60

Events (20 events):
Event: 15.236 loading class sun/security/rsa/RSAPublicKeyImpl done
Event: 15.236 loading class sun/security/rsa/RSAUtil
Event: 15.237 Executing VM operation: CollectForMetadataAllocation
Event: 15.237 Executing VM operation: CollectForMetadataAllocation done
Event: 15.237 loading class sun/security/rsa/RSAUtil done
Event: 15.237 loading class sun/security/x509/AuthorityInfoAccessExtension
Event: 15.238 loading class sun/security/x509/AuthorityInfoAccessExtension done
Event: 15.238 loading class sun/security/x509/AccessDescription
Event: 15.238 loading class sun/security/x509/AccessDescription done
Event: 15.238 loading class sun/security/x509/URIName
Event: 15.239 loading class sun/security/x509/URIName done
Event: 15.239 loading class sun/security/x509/DNSName
Event: 15.239 loading class sun/security/x509/DNSName done
Event: 15.239 loading class sun/security/x509/CRLDistributionPointsExtension
Event: 15.240 loading class sun/security/x509/CRLDistributionPointsExtension done
Event: 15.240 loading class sun/security/x509/DistributionPoint
Event: 15.240 loading class sun/security/x509/DistributionPoint done
Event: 15.241 loading class sun/security/x509/ExtendedKeyUsageExtension
Event: 15.241 loading class sun/security/x509/ExtendedKeyUsageExtension done
Event: 15.244 Executing VM operation: CGC_Operation


Dynamic libraries:
0x00007ff7eee30000 - 0x00007ff7eee3a000 	C:\Program Files\Android\Android Studio\jre\bin\java.exe
0x00007ffe0f750000 - 0x00007ffe0f945000 	C:\Windows\SYSTEM32\ntdll.dll
0x00007ffe0d910000 - 0x00007ffe0d9ce000 	C:\Windows\System32\KERNEL32.DLL
0x00007ffe0d2a0000 - 0x00007ffe0d568000 	C:\Windows\System32\KERNELBASE.dll
0x00007ffe0d570000 - 0x00007ffe0d670000 	C:\Windows\System32\ucrtbase.dll
0x00007ffe08900000 - 0x00007ffe08919000 	C:\Program Files\Android\Android Studio\jre\bin\jli.dll
0x00007ffe088e0000 - 0x00007ffe088f7000 	C:\Program Files\Android\Android Studio\jre\bin\VCRUNTIME140.dll
0x00007ffe0ef60000 - 0x00007ffe0f100000 	C:\Windows\System32\USER32.dll
0x00007ffe0ce70000 - 0x00007ffe0ce92000 	C:\Windows\System32\win32u.dll
0x00007ffe0d9d0000 - 0x00007ffe0d9fa000 	C:\Windows\System32\GDI32.dll
0x00007ffe0d6a0000 - 0x00007ffe0d7ab000 	C:\Windows\System32\gdi32full.dll
0x00007ffdff8b0000 - 0x00007ffdffb4a000 	C:\Windows\WinSxS\amd64_microsoft.windows.common-controls_6595b64144ccf1df_6.0.19041.1110_none_60b5254171f9507e\COMCTL32.dll
0x00007ffe0d190000 - 0x00007ffe0d22d000 	C:\Windows\System32\msvcp_win.dll
0x00007ffe0f670000 - 0x00007ffe0f70e000 	C:\Windows\System32\msvcrt.dll
0x00007ffe0d8e0000 - 0x00007ffe0d910000 	C:\Windows\System32\IMM32.DLL
0x00007ffe0c860000 - 0x00007ffe0c896000 	C:\Windows\system32\DriverStore\FileRepository\nvam.inf_amd64_1aae4f19e68d0780\nvinitx.dll
0x00007ffe0f400000 - 0x00007ffe0f4ae000 	C:\Windows\System32\ADVAPI32.dll
0x00007ffe0dcf0000 - 0x00007ffe0dd8c000 	C:\Windows\System32\sechost.dll
0x00007ffe0c820000 - 0x00007ffe0c82a000 	C:\Windows\SYSTEM32\VERSION.dll
0x00007ffe0f4c0000 - 0x00007ffe0f5e5000 	C:\Windows\System32\RPCRT4.dll
0x00007ffe0e680000 - 0x00007ffe0edc4000 	C:\Windows\System32\Shell32.dll
0x00007ffe0af40000 - 0x00007ffe0b6d4000 	C:\Windows\SYSTEM32\windows.storage.dll
0x00007ffe0e320000 - 0x00007ffe0e674000 	C:\Windows\System32\combase.dll
0x00007ffe0c830000 - 0x00007ffe0c85c000 	C:\Windows\SYSTEM32\Wldp.dll
0x00007ffe0f350000 - 0x00007ffe0f3fd000 	C:\Windows\System32\SHCORE.dll
0x00007ffe0d880000 - 0x00007ffe0d8d5000 	C:\Windows\System32\shlwapi.dll
0x000000006b050000 - 0x000000006b056000 	C:\Program Files\NVIDIA Corporation\CoProcManager\_etoured.dll
0x00007ffe05150000 - 0x00007ffe05193000 	C:\Program Files\NVIDIA Corporation\CoProcManager\nvd3d9wrapx.dll
0x00007ffe0de20000 - 0x00007ffe0e28a000 	C:\Windows\System32\SETUPAPI.dll
0x00007ffe0d140000 - 0x00007ffe0d18e000 	C:\Windows\System32\cfgmgr32.dll
0x00007ffe0d670000 - 0x00007ffe0d697000 	C:\Windows\System32\bcrypt.dll
0x00007ffe047d0000 - 0x00007ffe047fd000 	C:\Program Files\NVIDIA Corporation\CoProcManager\nvdxgiwrapx.dll
0x00007ffdefa60000 - 0x00007ffdefafd000 	C:\Program Files\Android\Android Studio\jre\bin\msvcp140.dll
0x00007ffde22b0000 - 0x00007ffde2d85000 	C:\Program Files\Android\Android Studio\jre\bin\server\jvm.dll
0x00007ffe0dd90000 - 0x00007ffe0dd98000 	C:\Windows\System32\PSAPI.DLL
0x00007ffe08060000 - 0x00007ffe08069000 	C:\Windows\SYSTEM32\WSOCK32.dll
0x00007ffe010e0000 - 0x00007ffe01107000 	C:\Windows\SYSTEM32\WINMM.dll
0x00007ffe0da00000 - 0x00007ffe0da6b000 	C:\Windows\System32\WS2_32.dll
0x00007ffe0ad40000 - 0x00007ffe0ad52000 	C:\Windows\SYSTEM32\kernel.appcore.dll
0x00007ffdfebb0000 - 0x00007ffdfebc1000 	C:\Program Files\Android\Android Studio\jre\bin\verify.dll
0x00007ffdfb400000 - 0x00007ffdfb5e4000 	C:\Windows\SYSTEM32\DBGHELP.DLL
0x00007ffdfb3d0000 - 0x00007ffdfb3fc000 	C:\Windows\SYSTEM32\dbgcore.DLL
0x00007ffe0cea0000 - 0x00007ffe0cf22000 	C:\Windows\System32\bcryptPrimitives.dll
0x00007ffdfe800000 - 0x00007ffdfe829000 	C:\Program Files\Android\Android Studio\jre\bin\java.dll
0x00007ffe07b00000 - 0x00007ffe07b0b000 	C:\Program Files\Android\Android Studio\jre\bin\jimage.dll
0x00007ffdfe610000 - 0x00007ffdfe628000 	C:\Program Files\Android\Android Studio\jre\bin\zip.dll
0x00007ffe0cdb0000 - 0x00007ffe0cdcf000 	C:\Windows\SYSTEM32\profapi.dll
0x00007ffdfe510000 - 0x00007ffdfe52a000 	C:\Program Files\Android\Android Studio\jre\bin\net.dll
0x00007ffdfe840000 - 0x00007ffdfe94a000 	C:\Windows\SYSTEM32\WINHTTP.dll
0x00007ffe0c520000 - 0x00007ffe0c58a000 	C:\Windows\system32\mswsock.dll
0x00007ffdfe4f0000 - 0x00007ffdfe504000 	C:\Program Files\Android\Android Studio\jre\bin\nio.dll
0x00007ffdfad50000 - 0x00007ffdfad77000 	C:\Users\Garik Asatryan\AndroidStudioProjects\FireAuthAndStore\gradle\native\e1d6ef7f7dcc3fd88c89a11ec53ec762bb8ba0a96d01ffa2cd45eb1d1d8dd5c5\windows-amd64\native-platform.dll
0x00007ffddfb60000 - 0x00007ffddfca4000 	C:\Users\Garik Asatryan\AndroidStudioProjects\FireAuthAndStore\gradle\native\5664cfc778a61ccfe75a443a1ab52a65af34e5dc3c78e0209fed803814484fcb\windows-amd64\native-platform-file-events.dll
0x00007ffe03db0000 - 0x00007ffe03dba000 	C:\Program Files\Android\Android Studio\jre\bin\management.dll
0x00007ffe03cd0000 - 0x00007ffe03cdd000 	C:\Program Files\Android\Android Studio\jre\bin\management_ext.dll
0x00007ffe0c770000 - 0x00007ffe0c788000 	C:\Windows\SYSTEM32\CRYPTSP.dll
0x00007ffe0bea0000 - 0x00007ffe0bed4000 	C:\Windows\system32\rsaenh.dll
0x00007ffe0cd30000 - 0x00007ffe0cd5e000 	C:\Windows\SYSTEM32\USERENV.dll
0x00007ffe0c790000 - 0x00007ffe0c79c000 	C:\Windows\SYSTEM32\CRYPTBASE.dll
0x00007ffe0c210000 - 0x00007ffe0c24b000 	C:\Windows\SYSTEM32\IPHLPAPI.DLL
0x00007ffe0f4b0000 - 0x00007ffe0f4b8000 	C:\Windows\System32\NSI.dll
0x00007ffe03ad0000 - 0x00007ffe03ae7000 	C:\Windows\SYSTEM32\dhcpcsvc6.DLL
0x00007ffe05230000 - 0x00007ffe0524d000 	C:\Windows\SYSTEM32\dhcpcsvc.DLL
0x00007ffe0c250000 - 0x00007ffe0c31b000 	C:\Windows\SYSTEM32\DNSAPI.dll

dbghelp: loaded successfully - version: 4.0.5 - missing functions: none
symbol engine: initialized successfully - sym options: 0x614 - pdb path: .;C:\Program Files\Android\Android Studio\jre\bin;C:\Windows\SYSTEM32;C:\Windows\WinSxS\amd64_microsoft.windows.common-controls_6595b64144ccf1df_6.0.19041.1110_none_60b5254171f9507e;C:\Windows\system32\DriverStore\FileRepository\nvam.inf_amd64_1aae4f19e68d0780;C:\Program Files\NVIDIA Corporation\CoProcManager;C:\Program Files\Android\Android Studio\jre\bin\server;C:\Users\Garik Asatryan\AndroidStudioProjects\FireAuthAndStore\gradle\native\e1d6ef7f7dcc3fd88c89a11ec53ec762bb8ba0a96d01ffa2cd45eb1d1d8dd5c5\windows-amd64;C:\Users\Garik Asatryan\AndroidStudioProjects\FireAuthAndStore\gradle\native\5664cfc778a61ccfe75a443a1ab52a65af34e5dc3c78e0209fed803814484fcb\windows-amd64

VM Arguments:
jvm_args: --add-opens=java.base/java.util=ALL-UNNAMED --add-opens=java.base/java.lang=ALL-UNNAMED --add-opens=java.base/java.lang.invoke=ALL-UNNAMED --add-opens=java.base/java.util=ALL-UNNAMED --add-opens=java.prefs/java.util.prefs=ALL-UNNAMED --add-opens=java.prefs/java.util.prefs=ALL-UNNAMED --add-opens=java.base/java.nio.charset=ALL-UNNAMED --add-opens=java.base/java.net=ALL-UNNAMED --add-opens=java.base/java.util.concurrent.atomic=ALL-UNNAMED -Xmx2048m -Dfile.encoding=UTF-8 -Duser.country=US -Duser.language=en -Duser.variant 
java_command: org.gradle.launcher.daemon.bootstrap.GradleDaemon 7.2
java_class_path (initial): C:\Users\Garik Asatryan\AndroidStudioProjects\FireAuthAndStore\gradle\wrapper\dists\gradle-7.2-bin\2dnblmf4td7x66yl1d74lt32g\gradle-7.2\lib\gradle-launcher-7.2.jar
Launcher Type: SUN_STANDARD

[Global flags]
     intx CICompilerCount                          = 3                                         {product} {ergonomic}
     uint ConcGCThreads                            = 1                                         {product} {ergonomic}
     uint G1ConcRefinementThreads                  = 4                                         {product} {ergonomic}
   size_t G1HeapRegionSize                         = 1048576                                   {product} {ergonomic}
    uintx GCDrainStackTargetSize                   = 64                                        {product} {ergonomic}
   size_t InitialHeapSize                          = 67108864                                  {product} {ergonomic}
   size_t MarkStackSize                            = 4194304                                   {product} {ergonomic}
   size_t MaxHeapSize                              = 2147483648                                {product} {command line}
   size_t MaxNewSize                               = 1287651328                                {product} {ergonomic}
   size_t MinHeapDeltaBytes                        = 1048576                                   {product} {ergonomic}
    uintx NonNMethodCodeHeapSize                   = 5830732                                {pd product} {ergonomic}
    uintx NonProfiledCodeHeapSize                  = 122913754                              {pd product} {ergonomic}
    uintx ProfiledCodeHeapSize                     = 122913754                              {pd product} {ergonomic}
    uintx ReservedCodeCacheSize                    = 251658240                              {pd product} {ergonomic}
     bool SegmentedCodeCache                       = true                                      {product} {ergonomic}
     bool UseCompressedClassPointers               = true                                 {lp64_product} {ergonomic}
     bool UseCompressedOops                        = true                                 {lp64_product} {ergonomic}
     bool UseG1GC                                  = true                                      {product} {ergonomic}
     bool UseLargePagesIndividualAllocation        = false                                  {pd product} {ergonomic}

Logging:
Log output configuration:
 #0: stdout all=warning uptime,level,tags
 #1: stderr all=off uptime,level,tags

Environment Variables:
PATH=C:\Windows\system32;C:\Windows;C:\Windows\System32\Wbem;C:\Windows\System32\WindowsPowerShell\v1.0\;C:\Windows\System32\OpenSSH\;C:\Program Files\Git\cmd;C:\Program Files\nodejs\;C:\Users\Garik Asatryan\AppData\Local\Microsoft\WindowsApps;C:\Users\Garik Asatryan\AppData\Roaming\npm
USERNAME=Garik Asatryan
OS=Windows_NT
PROCESSOR_IDENTIFIER=Intel64 Family 6 Model 42 Stepping 7, GenuineIntel



---------------  S Y S T E M  ---------------

OS: Windows 10 , 64 bit Build 19041 (10.0.19041.1645)
OS uptime: 0 days 2:32 hours

CPU:total 4 (initial active 4) (2 cores per cpu, 2 threads per core) family 6 model 42 stepping 7 microcode 0x2f, cmov, cx8, fxsr, mmx, sse, sse2, sse3, ssse3, sse4.1, sse4.2, popcnt, avx, clmul, ht, tsc, tscinvbit

Memory: 4k page, system-wide physical 4006M (541M free)
TotalPageFile size 7590M (AvailPageFile size 3401M)
current process WorkingSet (physical memory assigned to process): 316M, peak: 319M
current process commit charge ("private bytes"): 364M, peak: 366M

vm_info: OpenJDK 64-Bit Server VM (11.0.11+9-b60-7590822) for windows-amd64 JRE (11.0.11+9-b60-7590822), built on Jul 29 2021 21:43:44 by "builder" with MS VC++ 14.0 (VS2015)

END.
