#
# A fatal error has been detected by the Java Runtime Environment:
#
#  EXCEPTION_ACCESS_VIOLATION (0xc0000005) at pc=0x00007ffc958cb0cb, pid=7252, tid=7460
#
# JRE version: OpenJDK Runtime Environment (11.0.11+9) (build 11.0.11+9-b60-7590822)
# Java VM: OpenJDK 64-Bit Server VM (11.0.11+9-b60-7590822, mixed mode, tiered, compressed oops, g1 gc, windows-amd64)
# Problematic frame:
# V  [jvm.dll+0x58b0cb]
#
# No core dump will be written. Minidumps are not enabled by default on client versions of Windows
#
# If you would like to submit a bug report, please visit:
#   https://bugreport.java.com/bugreport/crash.jsp
#

---------------  S U M M A R Y ------------

Command Line: --add-opens=java.base/java.util=ALL-UNNAMED --add-opens=java.base/java.lang=ALL-UNNAMED --add-opens=java.base/java.lang.invoke=ALL-UNNAMED --add-opens=java.base/java.util=ALL-UNNAMED --add-opens=java.prefs/java.util.prefs=ALL-UNNAMED --add-opens=java.prefs/java.util.prefs=ALL-UNNAMED --add-opens=java.base/java.nio.charset=ALL-UNNAMED --add-opens=java.base/java.net=ALL-UNNAMED --add-opens=java.base/java.util.concurrent.atomic=ALL-UNNAMED -Xmx2048m -Dfile.encoding=UTF-8 -Duser.country=US -Duser.language=en -Duser.variant org.gradle.launcher.daemon.bootstrap.GradleDaemon 7.2

Host: Intel(R) Core(TM) i3-2330M CPU @ 2.20GHz, 4 cores, 3G,  Windows 10 , 64 bit Build 19041 (10.0.19041.1706)
Time: Mon May 16 10:22:48 2022 Russia TZ 2 Standard Time elapsed time: 74.411936 seconds (0d 0h 1m 14s)

---------------  T H R E A D  ---------------

Current thread (0x000001d564f28000):  GCTaskThread "GC Thread#3" [stack: 0x000000236a200000,0x000000236a300000] [id=7460]

Stack: [0x000000236a200000,0x000000236a300000],  sp=0x000000236a2ff428,  free space=1021k
Native frames: (J=compiled Java code, j=interpreted, Vv=VM code, C=native code)
V  [jvm.dll+0x58b0cb]
V  [jvm.dll+0x1e99f8]
V  [jvm.dll+0x1e9c51]
V  [jvm.dll+0x2eb764]
V  [jvm.dll+0x2eb603]
V  [jvm.dll+0x2eb342]
V  [jvm.dll+0x2df3cf]
V  [jvm.dll+0x2eb6d0]
V  [jvm.dll+0x74d230]
V  [jvm.dll+0x6e80b5]
V  [jvm.dll+0x5f1036]
C  [ucrtbase.dll+0x21bb2]
C  [KERNEL32.DLL+0x17034]
C  [ntdll.dll+0x52651]


siginfo: EXCEPTION_ACCESS_VIOLATION (0xc0000005), writing address 0x000000008a217054


Register to memory mapping:

RIP=0x00007ffc958cb0cb jvm.dll
RAX=0x000000000000000c is an unknown value
RBX=0x0000000000010000 is an unknown value
RCX=0x000000000001fffc is an unknown value
RDX=
[error occurred during error reporting (printing register info), id 0xc0000005, EXCEPTION_ACCESS_VIOLATION (0xc0000005) at pc=0x00007ffc9561abc7]

Registers:
RAX=0x000000000000000c, RBX=0x0000000000010000, RCX=0x000000000001fffc, RDX=0x000000008a217048
RSP=0x000000236a2ff428, RBP=0x0000000000000002, RSI=0x1fffffffffb1d1f7, RDI=0x000000000000000c
R8 =0x000000236a2ff450, R9 =0x000000008a217048, R10=0x0000000000000008, R11=0x000001d55c99d0b8
R12=0x0000000000000000, R13=0x0000000000000000, R14=0x000000008a217048, R15=0x0000000000000001
RIP=0x00007ffc958cb0cb, EFLAGS=0x0000000000010202

Top of Stack: (sp=0x000000236a2ff428)
0x000000236a2ff428:   00007ffc955299f8 000000008a197050
0x000000236a2ff438:   000000000000099a 0000000000010000
0x000000236a2ff448:   0000000010000000 00007ffc95b4df90
0x000000236a2ff458:   000001d549ec4020 000001d564f28000
0x000000236a2ff468:   0000000100000c10 0000000000010000
0x000000236a2ff478:   000001000001fffc 000001d565294658
0x000000236a2ff488:   00007ffc95529c51 000001d565294600
0x000000236a2ff498:   00007ffc9568acb9 000001d565294658
0x000000236a2ff4a8:   00007ffc9568a858 000001d564f28000
0x000000236a2ff4b8:   000001d566648a40 000001d564e029d0
0x000000236a2ff4c8:   000001d564e029e0 000001d564e02ab8
0x000000236a2ff4d8:   00000000000000d8 000001d566648500
0x000000236a2ff4e8:   00007ffc9568a912 0000000000000000
0x000000236a2ff4f8:   000001d565294600 0000000087b00000
0x000000236a2ff508:   00007ffc9562b764 0000000089a17048
0x000000236a2ff518:   000000236a2ff650 000000236a2ff570 

Instructions: (pc=0x00007ffc958cb0cb)
0x00007ffc958cafcb:   20 5f c3 48 8b 74 24 48 48 89 44 24 38 48 89 10
0x00007ffc958cafdb:   48 8b c3 48 8b 5c 24 40 48 83 c4 20 5f c3 cc cc
0x00007ffc958cafeb:   cc cc cc cc cc 48 89 7c 24 18 80 3d 7c 18 47 00
0x00007ffc958caffb:   00 4c 8b c1 74 07 c7 42 0c 00 00 00 00 48 8b 49
0x00007ffc958cb00b:   20 48 8d 7a 10 48 83 e9 02 74 05 33 c0 f3 48 ab
0x00007ffc958cb01b:   80 3d 3e e2 40 00 00 74 10 49 8b 40 18 48 8b 88
0x00007ffc958cb02b:   b8 00 00 00 48 89 0a eb 07 48 c7 02 01 00 00 00
0x00007ffc958cb03b:   80 3d 36 18 47 00 00 48 8d 42 08 49 8b 78 18 74
0x00007ffc958cb04b:   20 48 2b 3d 3d 8c 42 00 8b 0d 3f 8c 42 00 48 89
0x00007ffc958cb05b:   44 24 08 48 d3 ef 89 38 48 8b c2 48 8b 7c 24 18
0x00007ffc958cb06b:   c3 48 89 44 24 10 48 89 38 48 8b c2 48 8b 7c 24
0x00007ffc958cb07b:   18 c3 cc cc cc 48 89 7c 24 18 80 79 2c 00 4c 8b
0x00007ffc958cb08b:   c1 74 23 80 3d e3 17 47 00 00 74 07 c7 42 0c 00
0x00007ffc958cb09b:   00 00 00 48 8b 49 20 48 8d 7a 10 48 83 e9 02 74
0x00007ffc958cb0ab:   05 33 c0 f3 48 ab 80 3d c0 17 47 00 00 b8 10 00
0x00007ffc958cb0bb:   00 00 41 8b 48 28 bf 0c 00 00 00 0f 45 c7 48 98
0x00007ffc958cb0cb:   89 0c 10 80 3d 8b e1 40 00 00 74 10 49 8b 40 18
0x00007ffc958cb0db:   48 8b 88 b8 00 00 00 48 89 0a eb 07 48 c7 02 01
0x00007ffc958cb0eb:   00 00 00 80 3d 83 17 47 00 00 48 8d 42 08 49 8b
0x00007ffc958cb0fb:   78 18 74 20 48 2b 3d 8a 8b 42 00 8b 0d 8c 8b 42
0x00007ffc958cb10b:   00 48 89 44 24 08 48 d3 ef 89 38 48 8b c2 48 8b
0x00007ffc958cb11b:   7c 24 18 c3 48 89 44 24 10 48 89 38 48 8b c2 48
0x00007ffc958cb12b:   8b 7c 24 18 c3 48 89 5c 24 08 57 48 83 ec 20 80
0x00007ffc958cb13b:   3d f5 dd 40 00 00 48 8b fa 48 8b d9 74 53 48 8b
0x00007ffc958cb14b:   49 10 48 8b 53 20 4c 8b 81 18 01 00 00 48 8b 81
0x00007ffc958cb15b:   28 01 00 00 49 2b c0 48 c1 e8 03 48 3b c2 72 10
0x00007ffc958cb16b:   49 8d 04 d0 48 89 81 18 01 00 00 4d 85 c0 75 13
0x00007ffc958cb17b:   48 8b d7 48 8b cb e8 7a f9 ff ff 4c 8b c0 48 85
0x00007ffc958cb18b:   c0 74 0e 49 8b c0 48 8b 5c 24 30 48 83 c4 20 5f
0x00007ffc958cb19b:   c3 c6 47 19 01 4c 8d 47 18 48 8b 4b 08 48 8b 53
0x00007ffc958cb1ab:   20 48 8b 01 ff 50 18 48 85 c0 75 0b 48 8b 5c 24
0x00007ffc958cb1bb:   30 48 83 c4 20 5f c3 48 8b 4b 20 48 8b 53 10 48 


Stack slot to memory mapping:
stack at sp + 0 slots: 0x00007ffc955299f8 jvm.dll
stack at sp + 1 slots: 0x000000008a197050 is pointing into object: [B 
{0x000000008a1969c0} - klass: {type array byte}
 - length: 4096
stack at sp + 2 slots: 0x000000000000099a is an unknown value
stack at sp + 3 slots: 0x0000000000010000 is an unknown value
stack at sp + 4 slots: 0x0000000010000000 is an unknown value
stack at sp + 5 slots: 0x00007ffc95b4df90 jvm.dll
stack at sp + 6 slots: 0x000001d549ec4020 points into unknown readable memory: 0x00007ffc95b61220 | 20 12 b6 95 fc 7f 00 00
stack at sp + 7 slots: 0x000001d564f28000 points into unknown readable memory: 0x00007ffc95be2d90 | 90 2d be 95 fc 7f 00 00


---------------  P R O C E S S  ---------------

Threads class SMR info:
_java_thread_list=0x000001d566397c30, length=82, elements={
0x000001d549eb5000, 0x000001d563a62800, 0x000001d563a64000, 0x000001d56428e000,
0x000001d56428f000, 0x000001d564290800, 0x000001d564294800, 0x000001d564311800,
0x000001d56433d000, 0x000001d564441800, 0x000001d56443c800, 0x000001d56443c000,
0x000001d56443d800, 0x000001d564442800, 0x000001d564440000, 0x000001d56443e000,
0x000001d56443f000, 0x000001d564440800, 0x000001d565d8b000, 0x000001d565d88800,
0x000001d565d89800, 0x000001d565d8a000, 0x000001d565d8d800, 0x000001d565d88000,
0x000001d565d8c000, 0x000001d565d8c800, 0x000001d5661f1000, 0x000001d5661f5800,
0x000001d5661f4800, 0x000001d5661f3000, 0x000001d5661f7000, 0x000001d5661f6000,
0x000001d5661f2000, 0x000001d5685dc000, 0x000001d5685dd800, 0x000001d5685de800,
0x000001d5685df000, 0x000001d5685e0000, 0x000001d5685e0800, 0x000001d5685db000,
0x000001d5685e3000, 0x000001d5685e7800, 0x000001d5685e2800, 0x000001d5685e5000,
0x000001d5685e4000, 0x000001d5685e6800, 0x000001d5685e5800, 0x000001d5685e1800,
0x000001d5685e8000, 0x000001d5685e9000, 0x000001d5685e9800, 0x000001d565e94000,
0x000001d565e95000, 0x000001d565e96000, 0x000001d565e90000, 0x000001d565e93800,
0x000001d565e96800, 0x000001d565e91000, 0x000001d565e97800, 0x000001d565e91800,
0x000001d565e98000, 0x000001d565e92800, 0x000001d565e9e000, 0x000001d565e9d000,
0x000001d565e9a000, 0x000001d565e9c800, 0x000001d565e9a800, 0x000001d565e9e800,
0x000001d565e99000, 0x000001d565e9b800, 0x000001d568779000, 0x000001d56877b800,
0x000001d56877d000, 0x000001d568779800, 0x000001d568778000, 0x000001d56877f800,
0x000001d56877c000, 0x000001d56877e000, 0x000001d56877a800, 0x000001d568781000,
0x000001d568782800, 0x000001d568786000
}

Java Threads: ( => current thread )
  0x000001d549eb5000 JavaThread "main" [_thread_blocked, id=2876, stack(0x0000002368500000,0x0000002368600000)]
  0x000001d563a62800 JavaThread "Reference Handler" daemon [_thread_blocked, id=7920, stack(0x0000002368c00000,0x0000002368d00000)]
  0x000001d563a64000 JavaThread "Finalizer" daemon [_thread_blocked, id=4552, stack(0x0000002368d00000,0x0000002368e00000)]
  0x000001d56428e000 JavaThread "Signal Dispatcher" daemon [_thread_blocked, id=3536, stack(0x0000002368e00000,0x0000002368f00000)]
  0x000001d56428f000 JavaThread "Attach Listener" daemon [_thread_blocked, id=6560, stack(0x0000002368f00000,0x0000002369000000)]
  0x000001d564290800 JavaThread "Service Thread" daemon [_thread_blocked, id=4676, stack(0x0000002369000000,0x0000002369100000)]
  0x000001d564294800 JavaThread "C2 CompilerThread0" daemon [_thread_blocked, id=6344, stack(0x0000002369100000,0x0000002369200000)]
  0x000001d564311800 JavaThread "C1 CompilerThread0" daemon [_thread_blocked, id=5124, stack(0x0000002369200000,0x0000002369300000)]
  0x000001d56433d000 JavaThread "Sweeper thread" daemon [_thread_blocked, id=4168, stack(0x0000002369300000,0x0000002369400000)]
  0x000001d564441800 JavaThread "Common-Cleaner" daemon [_thread_blocked, id=5944, stack(0x0000002369400000,0x0000002369500000)]
  0x000001d56443c800 JavaThread "Daemon health stats" [_thread_blocked, id=5692, stack(0x0000002369800000,0x0000002369900000)]
  0x000001d56443c000 JavaThread "Incoming local TCP Connector on port 49836" [_thread_in_native, id=2992, stack(0x0000002369700000,0x0000002369800000)]
  0x000001d56443d800 JavaThread "Daemon periodic checks" [_thread_blocked, id=3776, stack(0x0000002369900000,0x0000002369a00000)]
  0x000001d564442800 JavaThread "Daemon" [_thread_blocked, id=5556, stack(0x0000002369a00000,0x0000002369b00000)]
  0x000001d564440000 JavaThread "Handler for socket connection from /127.0.0.1:49836 to /127.0.0.1:49837" [_thread_in_native, id=3664, stack(0x0000002369b00000,0x0000002369c00000)]
  0x000001d56443e000 JavaThread "Cancel handler" [_thread_blocked, id=5492, stack(0x0000002369c00000,0x0000002369d00000)]
  0x000001d56443f000 JavaThread "Daemon worker" [_thread_blocked, id=2196, stack(0x0000002369d00000,0x0000002369e00000)]
  0x000001d564440800 JavaThread "Asynchronous log dispatcher for DefaultDaemonConnection: socket connection from /127.0.0.1:49836 to /127.0.0.1:49837" [_thread_blocked, id=2888, stack(0x0000002369e00000,0x0000002369f00000)]
  0x000001d565d8b000 JavaThread "Daemon client event forwarder" [_thread_blocked, id=2676, stack(0x000000236a000000,0x000000236a100000)]
  0x000001d565d88800 JavaThread "Cache worker for journal cache (C:\Users\Garik Asatryan\AndroidStudioProjects\FireAuthAndStore\gradle\caches\journal-1)" [_thread_blocked, id=4332, stack(0x000000236a300000,0x000000236a400000)]
  0x000001d565d89800 JavaThread "File lock request listener" [_thread_in_native, id=7072, stack(0x000000236a400000,0x000000236a500000)]
  0x000001d565d8a000 JavaThread "Cache worker for file hash cache (C:\Users\Garik Asatryan\AndroidStudioProjects\FireAuthAndStore\gradle\caches\7.2\fileHashes)" [_thread_blocked, id=6248, stack(0x000000236a500000,0x000000236a600000)]
  0x000001d565d8d800 JavaThread "Cache worker for file hash cache (C:\Users\Garik Asatryan\AndroidStudioProjects\MyRepository\.gradle\7.2\fileHashes)" [_thread_blocked, id=3124, stack(0x000000236a700000,0x000000236a800000)]
  0x000001d565d88000 JavaThread "File watcher server" daemon [_thread_blocked, id=2768, stack(0x000000236a600000,0x000000236a700000)]
  0x000001d565d8c000 JavaThread "File watcher consumer" daemon [_thread_blocked, id=7900, stack(0x000000236a800000,0x000000236a900000)]
  0x000001d565d8c800 JavaThread "Cache worker for checksums cache (C:\Users\Garik Asatryan\AndroidStudioProjects\MyRepository\.gradle\checksums)" [_thread_blocked, id=7444, stack(0x000000236a900000,0x000000236aa00000)]
  0x000001d5661f1000 JavaThread "Cache worker for cache directory md-supplier (C:\Users\Garik Asatryan\AndroidStudioProjects\FireAuthAndStore\gradle\caches\7.2\md-supplier)" [_thread_blocked, id=1336, stack(0x000000236aa00000,0x000000236ab00000)]
  0x000001d5661f5800 JavaThread "Cache worker for cache directory md-rule (C:\Users\Garik Asatryan\AndroidStudioProjects\FireAuthAndStore\gradle\caches\7.2\md-rule)" [_thread_blocked, id=5096, stack(0x000000236ac00000,0x000000236ad00000)]
  0x000001d5661f4800 JavaThread "Cache worker for execution history cache (C:\Users\Garik Asatryan\AndroidStudioProjects\FireAuthAndStore\gradle\caches\7.2\executionHistory)" [_thread_blocked, id=4340, stack(0x000000236ad00000,0x000000236ae00000)]
  0x000001d5661f3000 JavaThread "jar transforms" [_thread_blocked, id=4252, stack(0x000000236ae00000,0x000000236af00000)]
  0x000001d5661f7000 JavaThread "Cache worker for file content cache (C:\Users\Garik Asatryan\AndroidStudioProjects\FireAuthAndStore\gradle\caches\7.2\fileContent)" [_thread_blocked, id=6000, stack(0x000000236af00000,0x000000236b000000)]
  0x000001d5661f6000 JavaThread "jar transforms Thread 2" [_thread_blocked, id=6200, stack(0x000000236ab00000,0x000000236ac00000)]
  0x000001d5661f2000 JavaThread "Cache worker for dependencies-accessors (C:\Users\Garik Asatryan\AndroidStudioProjects\MyRepository\.gradle\7.2\dependencies-accessors)" [_thread_blocked, id=5036, stack(0x000000236b000000,0x000000236b100000)]
  0x000001d5685dc000 JavaThread "jar transforms Thread 3" [_thread_blocked, id=4892, stack(0x000000236b100000,0x000000236b200000)]
  0x000001d5685dd800 JavaThread "Cache worker for Build Output Cleanup Cache (C:\Users\Garik Asatryan\AndroidStudioProjects\MyRepository\.gradle\buildOutputCleanup)" [_thread_blocked, id=6584, stack(0x000000236b200000,0x000000236b300000)]
  0x000001d5685de800 JavaThread "Unconstrained build operations" [_thread_blocked, id=8024, stack(0x000000236b300000,0x000000236b400000)]
  0x000001d5685df000 JavaThread "Unconstrained build operations Thread 2" [_thread_blocked, id=3860, stack(0x000000236b400000,0x000000236b500000)]
  0x000001d5685e0000 JavaThread "Unconstrained build operations Thread 3" [_thread_blocked, id=8164, stack(0x000000236b500000,0x000000236b600000)]
  0x000001d5685e0800 JavaThread "Unconstrained build operations Thread 4" [_thread_blocked, id=6740, stack(0x000000236b600000,0x000000236b700000)]
  0x000001d5685db000 JavaThread "Unconstrained build operations Thread 5" [_thread_blocked, id=8080, stack(0x000000236b700000,0x000000236b800000)]
  0x000001d5685e3000 JavaThread "Unconstrained build operations Thread 6" [_thread_blocked, id=6320, stack(0x000000236b800000,0x000000236b900000)]
  0x000001d5685e7800 JavaThread "Unconstrained build operations Thread 7" [_thread_blocked, id=6412, stack(0x000000236b900000,0x000000236ba00000)]
  0x000001d5685e2800 JavaThread "Unconstrained build operations Thread 8" [_thread_blocked, id=6332, stack(0x000000236ba00000,0x000000236bb00000)]
  0x000001d5685e5000 JavaThread "Unconstrained build operations Thread 9" [_thread_blocked, id=2012, stack(0x000000236bb00000,0x000000236bc00000)]
  0x000001d5685e4000 JavaThread "Unconstrained build operations Thread 10" [_thread_blocked, id=4656, stack(0x000000236bc00000,0x000000236bd00000)]
  0x000001d5685e6800 JavaThread "Unconstrained build operations Thread 11" [_thread_blocked, id=7224, stack(0x000000236bd00000,0x000000236be00000)]
  0x000001d5685e5800 JavaThread "Unconstrained build operations Thread 12" [_thread_blocked, id=8088, stack(0x000000236be00000,0x000000236bf00000)]
  0x000001d5685e1800 JavaThread "Unconstrained build operations Thread 13" [_thread_blocked, id=8120, stack(0x000000236bf00000,0x000000236c000000)]
  0x000001d5685e8000 JavaThread "Unconstrained build operations Thread 14" [_thread_blocked, id=6276, stack(0x000000236c000000,0x000000236c100000)]
  0x000001d5685e9000 JavaThread "Unconstrained build operations Thread 15" [_thread_blocked, id=8160, stack(0x000000236c100000,0x000000236c200000)]
  0x000001d5685e9800 JavaThread "Unconstrained build operations Thread 16" [_thread_blocked, id=4672, stack(0x000000236c200000,0x000000236c300000)]
  0x000001d565e94000 JavaThread "Unconstrained build operations Thread 17" [_thread_blocked, id=1264, stack(0x000000236c300000,0x000000236c400000)]
  0x000001d565e95000 JavaThread "Unconstrained build operations Thread 18" [_thread_blocked, id=4064, stack(0x000000236c400000,0x000000236c500000)]
  0x000001d565e96000 JavaThread "Unconstrained build operations Thread 19" [_thread_blocked, id=2228, stack(0x000000236c500000,0x000000236c600000)]
  0x000001d565e90000 JavaThread "Unconstrained build operations Thread 20" [_thread_blocked, id=4388, stack(0x000000236c600000,0x000000236c700000)]
  0x000001d565e93800 JavaThread "Unconstrained build operations Thread 21" [_thread_blocked, id=6444, stack(0x0000002368200000,0x0000002368300000)]
  0x000001d565e96800 JavaThread "Unconstrained build operations Thread 22" [_thread_blocked, id=2564, stack(0x000000236c700000,0x000000236c800000)]
  0x000001d565e91000 JavaThread "Unconstrained build operations Thread 23" [_thread_blocked, id=3724, stack(0x000000236c800000,0x000000236c900000)]
  0x000001d565e97800 JavaThread "Unconstrained build operations Thread 24" [_thread_blocked, id=4156, stack(0x000000236c900000,0x000000236ca00000)]
  0x000001d565e91800 JavaThread "Unconstrained build operations Thread 25" [_thread_blocked, id=6340, stack(0x000000236ca00000,0x000000236cb00000)]
  0x000001d565e98000 JavaThread "Unconstrained build operations Thread 26" [_thread_blocked, id=3876, stack(0x000000236cb00000,0x000000236cc00000)]
  0x000001d565e92800 JavaThread "Unconstrained build operations Thread 27" [_thread_blocked, id=5508, stack(0x000000236cc00000,0x000000236cd00000)]
  0x000001d565e9e000 JavaThread "Unconstrained build operations Thread 28" [_thread_blocked, id=1904, stack(0x000000236cd00000,0x000000236ce00000)]
  0x000001d565e9d000 JavaThread "Unconstrained build operations Thread 29" [_thread_blocked, id=6592, stack(0x000000236ce00000,0x000000236cf00000)]
  0x000001d565e9a000 JavaThread "Unconstrained build operations Thread 30" [_thread_blocked, id=5396, stack(0x000000236cf00000,0x000000236d000000)]
  0x000001d565e9c800 JavaThread "Unconstrained build operations Thread 31" [_thread_blocked, id=8096, stack(0x000000236d000000,0x000000236d100000)]
  0x000001d565e9a800 JavaThread "Unconstrained build operations Thread 32" [_thread_blocked, id=1192, stack(0x000000236d100000,0x000000236d200000)]
  0x000001d565e9e800 JavaThread "Unconstrained build operations Thread 33" [_thread_blocked, id=3792, stack(0x000000236d200000,0x000000236d300000)]
  0x000001d565e99000 JavaThread "Unconstrained build operations Thread 34" [_thread_blocked, id=6488, stack(0x000000236d300000,0x000000236d400000)]
  0x000001d565e9b800 JavaThread "Unconstrained build operations Thread 35" [_thread_blocked, id=900, stack(0x000000236d400000,0x000000236d500000)]
  0x000001d568779000 JavaThread "Unconstrained build operations Thread 36" [_thread_blocked, id=5732, stack(0x000000236d500000,0x000000236d600000)]
  0x000001d56877b800 JavaThread "Unconstrained build operations Thread 37" [_thread_blocked, id=7284, stack(0x000000236d600000,0x000000236d700000)]
  0x000001d56877d000 JavaThread "Unconstrained build operations Thread 38" [_thread_blocked, id=2324, stack(0x000000236d700000,0x000000236d800000)]
  0x000001d568779800 JavaThread "Unconstrained build operations Thread 39" [_thread_blocked, id=1524, stack(0x000000236d800000,0x000000236d900000)]
  0x000001d568778000 JavaThread "Unconstrained build operations Thread 40" [_thread_blocked, id=5252, stack(0x000000236d900000,0x000000236da00000)]
  0x000001d56877f800 JavaThread "jar transforms Thread 4" [_thread_blocked, id=5348, stack(0x000000236da00000,0x000000236db00000)]
  0x000001d56877c000 JavaThread "Memory manager" [_thread_blocked, id=2880, stack(0x000000236dd00000,0x000000236de00000)]
  0x000001d56877e000 JavaThread "build event listener" [_thread_blocked, id=1568, stack(0x0000002368300000,0x0000002368400000)]
  0x000001d56877a800 JavaThread "Execution worker for ':'" [_thread_blocked, id=1964, stack(0x0000002368400000,0x0000002368500000)]
  0x000001d568781000 JavaThread "Execution worker for ':' Thread 2" [_thread_blocked, id=7160, stack(0x000000236de00000,0x000000236df00000)]
  0x000001d568782800 JavaThread "Execution worker for ':' Thread 3" [_thread_blocked, id=5488, stack(0x000000236df00000,0x000000236e000000)]
  0x000001d568786000 JavaThread "Cache worker for execution history cache (C:\Users\Garik Asatryan\AndroidStudioProjects\MyRepository\.gradle\7.2\executionHistory)" [_thread_blocked, id=3196, stack(0x000000236e000000,0x000000236e100000)]

Other Threads:
  0x000001d564283000 VMThread "VM Thread" [stack: 0x0000002368b00000,0x0000002368c00000] [id=5804]
  0x000001d564468000 WatcherThread [stack: 0x0000002369500000,0x0000002369600000] [id=7104]
  0x000001d549ecc000 GCTaskThread "GC Thread#0" [stack: 0x0000002368600000,0x0000002368700000] [id=5548]
  0x000001d564f2b800 GCTaskThread "GC Thread#1" [stack: 0x0000002369600000,0x0000002369700000] [id=6800]
  0x000001d5648b8000 GCTaskThread "GC Thread#2" [stack: 0x000000236a100000,0x000000236a200000] [id=2320]
=>0x000001d564f28000 GCTaskThread "GC Thread#3" [stack: 0x000000236a200000,0x000000236a300000] [id=7460]
  0x000001d549efe800 ConcurrentGCThread "G1 Main Marker" [stack: 0x0000002368700000,0x0000002368800000] [id=6744]
  0x000001d549f00000 ConcurrentGCThread "G1 Conc#0" [stack: 0x0000002368800000,0x0000002368900000] [id=6368]
  0x000001d5638aa800 ConcurrentGCThread "G1 Refine#0" [stack: 0x0000002368900000,0x0000002368a00000] [id=3452]
  0x000001d5638ab800 ConcurrentGCThread "G1 Young RemSet Sampling" [stack: 0x0000002368a00000,0x0000002368b00000] [id=1556]

Threads with active compile tasks:
C2 CompilerThread0  74558 10309   !   4       com.google.common.cache.LocalCache::processPendingNotifications (47 bytes)

VM state:at safepoint (normal execution)

VM Mutex/Monitor currently owned by a thread:  ([mutex/lock_event])
[0x000001d549eb0f40] Threads_lock - owner thread: 0x000001d564283000
[0x000001d549eb1060] Heap_lock - owner thread: 0x000001d56443f000

Heap address: 0x0000000080000000, size: 2048 MB, Compressed Oops mode: 32-bit
Narrow klass base: 0x0000000000000000, Narrow klass shift: 3
Compressed class space size: 1073741824 Address: 0x0000000100000000

Heap:
 garbage-first heap   total 165888K, used 124264K [0x0000000080000000, 0x0000000100000000)
  region size 1024K, 43 young (44032K), 3 survivors (3072K)
 Metaspace       used 86313K, capacity 88343K, committed 88392K, reserved 1126400K
  class space    used 11186K, capacity 11955K, committed 11980K, reserved 1048576K
Heap Regions: E=young(eden), S=young(survivor), O=old, HS=humongous(starts), HC=humongous(continues), CS=collection set, F=free, A=archive, TAMS=top-at-mark-start (previous, next)
|   0|0x0000000080000000, 0x0000000080100000, 0x0000000080100000|100%|HS|  |TAMS 0x0000000080100000, 0x0000000080000000| Complete 
|   1|0x0000000080100000, 0x0000000080200000, 0x0000000080200000|100%|HC|  |TAMS 0x0000000080200000, 0x0000000080100000| Complete 
|   2|0x0000000080200000, 0x0000000080300000, 0x0000000080300000|100%|HC|  |TAMS 0x0000000080300000, 0x0000000080200000| Complete 
|   3|0x0000000080300000, 0x0000000080400000, 0x0000000080400000|100%| O|  |TAMS 0x0000000080400000, 0x0000000080300000| Untracked 
|   4|0x0000000080400000, 0x0000000080500000, 0x0000000080500000|100%| O|  |TAMS 0x0000000080500000, 0x0000000080400000| Untracked 
|   5|0x0000000080500000, 0x0000000080600000, 0x0000000080600000|100%| O|  |TAMS 0x0000000080600000, 0x0000000080500000| Untracked 
|   6|0x0000000080600000, 0x0000000080700000, 0x0000000080700000|100%| O|  |TAMS 0x0000000080700000, 0x0000000080600000| Untracked 
|   7|0x0000000080700000, 0x0000000080800000, 0x0000000080800000|100%| O|  |TAMS 0x0000000080800000, 0x0000000080700000| Untracked 
|   8|0x0000000080800000, 0x0000000080900000, 0x0000000080900000|100%| O|  |TAMS 0x0000000080900000, 0x0000000080800000| Untracked 
|   9|0x0000000080900000, 0x0000000080a00000, 0x0000000080a00000|100%| O|  |TAMS 0x0000000080a00000, 0x0000000080900000| Untracked 
|  10|0x0000000080a00000, 0x0000000080b00000, 0x0000000080b00000|100%| O|  |TAMS 0x0000000080b00000, 0x0000000080a00000| Untracked 
|  11|0x0000000080b00000, 0x0000000080c00000, 0x0000000080c00000|100%| O|  |TAMS 0x0000000080c00000, 0x0000000080b00000| Untracked 
|  12|0x0000000080c00000, 0x0000000080d00000, 0x0000000080d00000|100%| O|  |TAMS 0x0000000080d00000, 0x0000000080c00000| Untracked 
|  13|0x0000000080d00000, 0x0000000080e00000, 0x0000000080e00000|100%| O|  |TAMS 0x0000000080e00000, 0x0000000080d00000| Untracked 
|  14|0x0000000080e00000, 0x0000000080f00000, 0x0000000080f00000|100%| O|  |TAMS 0x0000000080f00000, 0x0000000080e00000| Untracked 
|  15|0x0000000080f00000, 0x0000000081000000, 0x0000000081000000|100%| O|  |TAMS 0x0000000081000000, 0x0000000080f00000| Untracked 
|  16|0x0000000081000000, 0x0000000081100000, 0x0000000081100000|100%| O|  |TAMS 0x0000000081100000, 0x0000000081000000| Untracked 
|  17|0x0000000081100000, 0x0000000081200000, 0x0000000081200000|100%| O|  |TAMS 0x0000000081200000, 0x0000000081100000| Untracked 
|  18|0x0000000081200000, 0x0000000081300000, 0x0000000081300000|100%| O|  |TAMS 0x0000000081300000, 0x0000000081200000| Untracked 
|  19|0x0000000081300000, 0x0000000081400000, 0x0000000081400000|100%| O|  |TAMS 0x0000000081400000, 0x0000000081300000| Untracked 
|  20|0x0000000081400000, 0x0000000081500000, 0x0000000081500000|100%| O|  |TAMS 0x0000000081500000, 0x0000000081400000| Untracked 
|  21|0x0000000081500000, 0x0000000081600000, 0x0000000081600000|100%| O|  |TAMS 0x0000000081600000, 0x0000000081500000| Untracked 
|  22|0x0000000081600000, 0x0000000081700000, 0x0000000081700000|100%| O|  |TAMS 0x0000000081700000, 0x0000000081600000| Untracked 
|  23|0x0000000081700000, 0x0000000081800000, 0x0000000081800000|100%| O|  |TAMS 0x0000000081800000, 0x0000000081700000| Untracked 
|  24|0x0000000081800000, 0x0000000081900000, 0x0000000081900000|100%| O|  |TAMS 0x0000000081900000, 0x0000000081800000| Untracked 
|  25|0x0000000081900000, 0x0000000081a00000, 0x0000000081a00000|100%| O|  |TAMS 0x0000000081a00000, 0x0000000081900000| Untracked 
|  26|0x0000000081a00000, 0x0000000081b00000, 0x0000000081b00000|100%| O|  |TAMS 0x0000000081b00000, 0x0000000081a00000| Untracked 
|  27|0x0000000081b00000, 0x0000000081c00000, 0x0000000081c00000|100%| O|  |TAMS 0x0000000081c00000, 0x0000000081b00000| Untracked 
|  28|0x0000000081c00000, 0x0000000081d00000, 0x0000000081d00000|100%| O|  |TAMS 0x0000000081d00000, 0x0000000081c00000| Untracked 
|  29|0x0000000081d00000, 0x0000000081e00000, 0x0000000081e00000|100%| O|  |TAMS 0x0000000081e00000, 0x0000000081d00000| Untracked 
|  30|0x0000000081e00000, 0x0000000081f00000, 0x0000000081f00000|100%| O|  |TAMS 0x0000000081f00000, 0x0000000081e00000| Untracked 
|  31|0x0000000081f00000, 0x0000000082000000, 0x0000000082000000|100%| O|  |TAMS 0x0000000082000000, 0x0000000081f00000| Untracked 
|  32|0x0000000082000000, 0x0000000082100000, 0x0000000082100000|100%|HS|  |TAMS 0x0000000082100000, 0x0000000082000000| Complete 
|  33|0x0000000082100000, 0x0000000082200000, 0x0000000082200000|100%|HS|  |TAMS 0x0000000082200000, 0x0000000082100000| Complete 
|  34|0x0000000082200000, 0x0000000082300000, 0x0000000082300000|100%|HS|  |TAMS 0x0000000082300000, 0x0000000082200000| Complete 
|  35|0x0000000082300000, 0x0000000082400000, 0x0000000082400000|100%|HS|  |TAMS 0x0000000082400000, 0x0000000082300000| Complete 
|  36|0x0000000082400000, 0x0000000082500000, 0x0000000082500000|100%|HS|  |TAMS 0x0000000082500000, 0x0000000082400000| Complete 
|  37|0x0000000082500000, 0x0000000082600000, 0x0000000082600000|100%|HC|  |TAMS 0x0000000082600000, 0x0000000082500000| Complete 
|  38|0x0000000082600000, 0x0000000082700000, 0x0000000082700000|100%|HC|  |TAMS 0x0000000082700000, 0x0000000082600000| Complete 
|  39|0x0000000082700000, 0x0000000082800000, 0x0000000082800000|100%| O|  |TAMS 0x0000000082800000, 0x0000000082700000| Untracked 
|  40|0x0000000082800000, 0x0000000082900000, 0x0000000082900000|100%| O|  |TAMS 0x0000000082900000, 0x0000000082800000| Untracked 
|  41|0x0000000082900000, 0x0000000082a00000, 0x0000000082a00000|100%| O|  |TAMS 0x0000000082a00000, 0x0000000082900000| Untracked 
|  42|0x0000000082a00000, 0x0000000082b00000, 0x0000000082b00000|100%| O|  |TAMS 0x0000000082b00000, 0x0000000082a00000| Untracked 
|  43|0x0000000082b00000, 0x0000000082c00000, 0x0000000082c00000|100%|HS|  |TAMS 0x0000000082c00000, 0x0000000082b00000| Complete 
|  44|0x0000000082c00000, 0x0000000082d00000, 0x0000000082d00000|100%|HC|  |TAMS 0x0000000082d00000, 0x0000000082c00000| Complete 
|  45|0x0000000082d00000, 0x0000000082e00000, 0x0000000082e00000|100%| O|  |TAMS 0x0000000082e00000, 0x0000000082d00000| Untracked 
|  46|0x0000000082e00000, 0x0000000082f00000, 0x0000000082f00000|100%| O|  |TAMS 0x0000000082f00000, 0x0000000082e00000| Untracked 
|  47|0x0000000082f00000, 0x0000000083000000, 0x0000000083000000|100%| O|  |TAMS 0x0000000083000000, 0x0000000082f00000| Untracked 
|  48|0x0000000083000000, 0x0000000083100000, 0x0000000083100000|100%| O|  |TAMS 0x0000000083100000, 0x0000000083000000| Untracked 
|  49|0x0000000083100000, 0x0000000083200000, 0x0000000083200000|100%| O|  |TAMS 0x0000000083200000, 0x0000000083100000| Untracked 
|  50|0x0000000083200000, 0x0000000083300000, 0x0000000083300000|100%| O|  |TAMS 0x0000000083300000, 0x0000000083200000| Untracked 
|  51|0x0000000083300000, 0x0000000083400000, 0x0000000083400000|100%| O|  |TAMS 0x0000000083400000, 0x0000000083300000| Untracked 
|  52|0x0000000083400000, 0x0000000083500000, 0x0000000083500000|100%| O|  |TAMS 0x0000000083500000, 0x0000000083400000| Untracked 
|  53|0x0000000083500000, 0x0000000083600000, 0x0000000083600000|100%| O|  |TAMS 0x0000000083600000, 0x0000000083500000| Untracked 
|  54|0x0000000083600000, 0x0000000083700000, 0x0000000083700000|100%| O|  |TAMS 0x0000000083700000, 0x0000000083600000| Untracked 
|  55|0x0000000083700000, 0x0000000083800000, 0x0000000083800000|100%| O|  |TAMS 0x0000000083800000, 0x0000000083700000| Untracked 
|  56|0x0000000083800000, 0x0000000083900000, 0x0000000083900000|100%| O|  |TAMS 0x0000000083900000, 0x0000000083800000| Untracked 
|  57|0x0000000083900000, 0x0000000083a00000, 0x0000000083a00000|100%| O|  |TAMS 0x0000000083a00000, 0x0000000083900000| Untracked 
|  58|0x0000000083a00000, 0x0000000083b00000, 0x0000000083b00000|100%| O|  |TAMS 0x0000000083b00000, 0x0000000083a00000| Untracked 
|  59|0x0000000083b00000, 0x0000000083c00000, 0x0000000083c00000|100%| O|  |TAMS 0x0000000083c00000, 0x0000000083b00000| Untracked 
|  60|0x0000000083c00000, 0x0000000083d00000, 0x0000000083d00000|100%| O|  |TAMS 0x0000000083d00000, 0x0000000083c00000| Untracked 
|  61|0x0000000083d00000, 0x0000000083e00000, 0x0000000083e00000|100%| O|  |TAMS 0x0000000083e00000, 0x0000000083d00000| Untracked 
|  62|0x0000000083e00000, 0x0000000083f00000, 0x0000000083f00000|100%| O|  |TAMS 0x0000000083f00000, 0x0000000083e00000| Untracked 
|  63|0x0000000083f00000, 0x0000000084000000, 0x0000000084000000|100%| O|  |TAMS 0x0000000084000000, 0x0000000083f00000| Untracked 
|  64|0x0000000084000000, 0x0000000084100000, 0x0000000084100000|100%| O|  |TAMS 0x0000000084100000, 0x0000000084000000| Untracked 
|  65|0x0000000084100000, 0x0000000084200000, 0x0000000084200000|100%| O|  |TAMS 0x0000000084200000, 0x0000000084100000| Untracked 
|  66|0x0000000084200000, 0x0000000084300000, 0x0000000084300000|100%| O|  |TAMS 0x0000000084300000, 0x0000000084200000| Untracked 
|  67|0x0000000084300000, 0x0000000084400000, 0x0000000084400000|100%| O|  |TAMS 0x0000000084400000, 0x0000000084300000| Untracked 
|  68|0x0000000084400000, 0x0000000084500000, 0x0000000084500000|100%| O|  |TAMS 0x0000000084500000, 0x0000000084400000| Untracked 
|  69|0x0000000084500000, 0x0000000084600000, 0x0000000084600000|100%| O|  |TAMS 0x0000000084600000, 0x0000000084500000| Untracked 
|  70|0x0000000084600000, 0x0000000084700000, 0x0000000084700000|100%| O|  |TAMS 0x0000000084700000, 0x0000000084600000| Untracked 
|  71|0x0000000084700000, 0x0000000084800000, 0x0000000084800000|100%| O|  |TAMS 0x0000000084800000, 0x0000000084700000| Untracked 
|  72|0x0000000084800000, 0x0000000084900000, 0x0000000084900000|100%| O|  |TAMS 0x0000000084900000, 0x0000000084800000| Untracked 
|  73|0x0000000084900000, 0x0000000084a00000, 0x0000000084a00000|100%| O|  |TAMS 0x0000000084a00000, 0x0000000084900000| Untracked 
|  74|0x0000000084a00000, 0x0000000084b00000, 0x0000000084b00000|100%| O|  |TAMS 0x0000000084b00000, 0x0000000084a00000| Untracked 
|  75|0x0000000084b00000, 0x0000000084c00000, 0x0000000084c00000|100%| O|  |TAMS 0x0000000084b5a200, 0x0000000084b00000| Untracked 
|  76|0x0000000084c00000, 0x0000000084d00000, 0x0000000084d00000|100%| O|  |TAMS 0x0000000084c00000, 0x0000000084c00000| Untracked 
|  77|0x0000000084d00000, 0x0000000084d00000, 0x0000000084e00000|  0%| F|  |TAMS 0x0000000084d00000, 0x0000000084d00000| Untracked 
|  78|0x0000000084e00000, 0x0000000084e00000, 0x0000000084f00000|  0%| F|  |TAMS 0x0000000084e00000, 0x0000000084e00000| Untracked 
|  79|0x0000000084f00000, 0x0000000084f00000, 0x0000000085000000|  0%| F|  |TAMS 0x0000000084f00000, 0x0000000084f00000| Untracked 
|  80|0x0000000085000000, 0x0000000085000000, 0x0000000085100000|  0%| F|  |TAMS 0x0000000085000000, 0x0000000085000000| Untracked 
|  81|0x0000000085100000, 0x0000000085100000, 0x0000000085200000|  0%| F|  |TAMS 0x0000000085100000, 0x0000000085100000| Untracked 
|  82|0x0000000085200000, 0x0000000085200000, 0x0000000085300000|  0%| F|  |TAMS 0x0000000085200000, 0x0000000085200000| Untracked 
|  83|0x0000000085300000, 0x0000000085300000, 0x0000000085400000|  0%| F|  |TAMS 0x0000000085300000, 0x0000000085300000| Untracked 
|  84|0x0000000085400000, 0x0000000085400000, 0x0000000085500000|  0%| F|  |TAMS 0x0000000085400000, 0x0000000085400000| Untracked 
|  85|0x0000000085500000, 0x0000000085500000, 0x0000000085600000|  0%| F|  |TAMS 0x0000000085500000, 0x0000000085500000| Untracked 
|  86|0x0000000085600000, 0x0000000085600000, 0x0000000085700000|  0%| F|  |TAMS 0x0000000085600000, 0x0000000085600000| Untracked 
|  87|0x0000000085700000, 0x0000000085700000, 0x0000000085800000|  0%| F|  |TAMS 0x0000000085700000, 0x0000000085700000| Untracked 
|  88|0x0000000085800000, 0x0000000085800000, 0x0000000085900000|  0%| F|  |TAMS 0x0000000085800000, 0x0000000085800000| Untracked 
|  89|0x0000000085900000, 0x0000000085900000, 0x0000000085a00000|  0%| F|  |TAMS 0x0000000085900000, 0x0000000085900000| Untracked 
|  90|0x0000000085a00000, 0x0000000085a00000, 0x0000000085b00000|  0%| F|  |TAMS 0x0000000085a00000, 0x0000000085a00000| Untracked 
|  91|0x0000000085b00000, 0x0000000085b00000, 0x0000000085c00000|  0%| F|  |TAMS 0x0000000085b00000, 0x0000000085b00000| Untracked 
|  92|0x0000000085c00000, 0x0000000085c00000, 0x0000000085d00000|  0%| F|  |TAMS 0x0000000085c00000, 0x0000000085c00000| Untracked 
|  93|0x0000000085d00000, 0x0000000085d00000, 0x0000000085e00000|  0%| F|  |TAMS 0x0000000085d00000, 0x0000000085d00000| Untracked 
|  94|0x0000000085e00000, 0x0000000085e00000, 0x0000000085f00000|  0%| F|  |TAMS 0x0000000085e00000, 0x0000000085e00000| Untracked 
|  95|0x0000000085f00000, 0x0000000085f00000, 0x0000000086000000|  0%| F|  |TAMS 0x0000000085f00000, 0x0000000085f00000| Untracked 
|  96|0x0000000086000000, 0x0000000086000000, 0x0000000086100000|  0%| F|  |TAMS 0x0000000086000000, 0x0000000086000000| Untracked 
|  97|0x0000000086100000, 0x0000000086100000, 0x0000000086200000|  0%| F|  |TAMS 0x0000000086100000, 0x0000000086100000| Untracked 
|  98|0x0000000086200000, 0x0000000086200000, 0x0000000086300000|  0%| F|  |TAMS 0x0000000086200000, 0x0000000086200000| Untracked 
|  99|0x0000000086300000, 0x0000000086300000, 0x0000000086400000|  0%| F|  |TAMS 0x0000000086300000, 0x0000000086300000| Untracked 
| 100|0x0000000086400000, 0x0000000086400000, 0x0000000086500000|  0%| F|  |TAMS 0x0000000086400000, 0x0000000086400000| Untracked 
| 101|0x0000000086500000, 0x0000000086500000, 0x0000000086600000|  0%| F|  |TAMS 0x0000000086500000, 0x0000000086500000| Untracked 
| 102|0x0000000086600000, 0x0000000086600000, 0x0000000086700000|  0%| F|  |TAMS 0x0000000086600000, 0x0000000086600000| Untracked 
| 103|0x0000000086700000, 0x0000000086700000, 0x0000000086800000|  0%| F|  |TAMS 0x0000000086700000, 0x0000000086700000| Untracked 
| 104|0x0000000086800000, 0x0000000086800000, 0x0000000086900000|  0%| F|  |TAMS 0x0000000086800000, 0x0000000086800000| Untracked 
| 105|0x0000000086900000, 0x0000000086900000, 0x0000000086a00000|  0%| F|  |TAMS 0x0000000086900000, 0x0000000086900000| Untracked 
| 106|0x0000000086a00000, 0x0000000086a00000, 0x0000000086b00000|  0%| F|  |TAMS 0x0000000086a00000, 0x0000000086a00000| Untracked 
| 107|0x0000000086b00000, 0x0000000086b00000, 0x0000000086c00000|  0%| F|  |TAMS 0x0000000086b00000, 0x0000000086b00000| Untracked 
| 108|0x0000000086c00000, 0x0000000086c00000, 0x0000000086d00000|  0%| F|  |TAMS 0x0000000086c00000, 0x0000000086c00000| Untracked 
| 109|0x0000000086d00000, 0x0000000086d00000, 0x0000000086e00000|  0%| F|  |TAMS 0x0000000086d00000, 0x0000000086d00000| Untracked 
| 110|0x0000000086e00000, 0x0000000086e00000, 0x0000000086f00000|  0%| F|  |TAMS 0x0000000086e00000, 0x0000000086e00000| Untracked 
| 111|0x0000000086f00000, 0x0000000086f00000, 0x0000000087000000|  0%| F|  |TAMS 0x0000000086f00000, 0x0000000086f00000| Untracked 
| 112|0x0000000087000000, 0x0000000087000000, 0x0000000087100000|  0%| F|  |TAMS 0x0000000087000000, 0x0000000087000000| Untracked 
| 113|0x0000000087100000, 0x0000000087200000, 0x0000000087200000|100%| S|  |TAMS 0x0000000087100000, 0x0000000087100000| Complete 
| 114|0x0000000087200000, 0x0000000087300000, 0x0000000087300000|100%| S|  |TAMS 0x0000000087200000, 0x0000000087200000| Complete 
| 115|0x0000000087300000, 0x0000000087400000, 0x0000000087400000|100%| S|  |TAMS 0x0000000087300000, 0x0000000087300000| Complete 
| 116|0x0000000087400000, 0x0000000087500000, 0x0000000087500000|100%| E|CS|TAMS 0x0000000087400000, 0x0000000087400000| Complete 
| 117|0x0000000087500000, 0x0000000087600000, 0x0000000087600000|100%| E|CS|TAMS 0x0000000087600000, 0x0000000087500000| Untracked 
| 118|0x0000000087600000, 0x0000000087700000, 0x0000000087700000|100%| E|CS|TAMS 0x0000000087700000, 0x0000000087600000| Untracked 
| 119|0x0000000087700000, 0x0000000087800000, 0x0000000087800000|100%| E|CS|TAMS 0x0000000087800000, 0x0000000087700000| Untracked 
| 120|0x0000000087800000, 0x0000000087900000, 0x0000000087900000|100%| E|CS|TAMS 0x0000000087900000, 0x0000000087800000| Untracked 
| 121|0x0000000087900000, 0x0000000087a00000, 0x0000000087a00000|100%| E|CS|TAMS 0x0000000087a00000, 0x0000000087900000| Untracked 
| 122|0x0000000087a00000, 0x0000000087b00000, 0x0000000087b00000|100%| E|CS|TAMS 0x0000000087a00000, 0x0000000087a00000| Complete 
| 123|0x0000000087b00000, 0x0000000087c00000, 0x0000000087c00000|100%| E|CS|TAMS 0x0000000087b00000, 0x0000000087b00000| Complete 
| 124|0x0000000087c00000, 0x0000000087d00000, 0x0000000087d00000|100%| E|CS|TAMS 0x0000000087c00000, 0x0000000087c00000| Complete 
| 125|0x0000000087d00000, 0x0000000087e00000, 0x0000000087e00000|100%| E|CS|TAMS 0x0000000087d00000, 0x0000000087d00000| Complete 
| 126|0x0000000087e00000, 0x0000000087f00000, 0x0000000087f00000|100%| E|CS|TAMS 0x0000000087e00000, 0x0000000087e00000| Complete 
| 127|0x0000000087f00000, 0x0000000088000000, 0x0000000088000000|100%| E|CS|TAMS 0x0000000087f00000, 0x0000000087f00000| Complete 
| 128|0x0000000088000000, 0x0000000088100000, 0x0000000088100000|100%| E|CS|TAMS 0x0000000088000000, 0x0000000088000000| Complete 
| 129|0x0000000088100000, 0x0000000088200000, 0x0000000088200000|100%| E|CS|TAMS 0x0000000088100000, 0x0000000088100000| Complete 
| 130|0x0000000088200000, 0x0000000088300000, 0x0000000088300000|100%| E|CS|TAMS 0x0000000088200000, 0x0000000088200000| Complete 
| 131|0x0000000088300000, 0x0000000088400000, 0x0000000088400000|100%| E|CS|TAMS 0x0000000088300000, 0x0000000088300000| Complete 
| 132|0x0000000088400000, 0x0000000088500000, 0x0000000088500000|100%| E|CS|TAMS 0x0000000088400000, 0x0000000088400000| Complete 
| 133|0x0000000088500000, 0x0000000088600000, 0x0000000088600000|100%| E|CS|TAMS 0x0000000088500000, 0x0000000088500000| Complete 
| 134|0x0000000088600000, 0x0000000088700000, 0x0000000088700000|100%| E|CS|TAMS 0x0000000088600000, 0x0000000088600000| Complete 
| 135|0x0000000088700000, 0x0000000088800000, 0x0000000088800000|100%| E|CS|TAMS 0x0000000088700000, 0x0000000088700000| Complete 
| 136|0x0000000088800000, 0x0000000088900000, 0x0000000088900000|100%| E|CS|TAMS 0x0000000088800000, 0x0000000088800000| Complete 
| 137|0x0000000088900000, 0x0000000088a00000, 0x0000000088a00000|100%| E|CS|TAMS 0x0000000088900000, 0x0000000088900000| Complete 
| 138|0x0000000088a00000, 0x0000000088b00000, 0x0000000088b00000|100%| E|CS|TAMS 0x0000000088a00000, 0x0000000088a00000| Complete 
| 139|0x0000000088b00000, 0x0000000088c00000, 0x0000000088c00000|100%| E|CS|TAMS 0x0000000088b00000, 0x0000000088b00000| Complete 
| 140|0x0000000088c00000, 0x0000000088d00000, 0x0000000088d00000|100%| E|CS|TAMS 0x0000000088c00000, 0x0000000088c00000| Complete 
| 141|0x0000000088d00000, 0x0000000088e00000, 0x0000000088e00000|100%| E|CS|TAMS 0x0000000088d00000, 0x0000000088d00000| Complete 
| 142|0x0000000088e00000, 0x0000000088f00000, 0x0000000088f00000|100%| E|CS|TAMS 0x0000000088e00000, 0x0000000088e00000| Complete 
| 143|0x0000000088f00000, 0x0000000089000000, 0x0000000089000000|100%| E|CS|TAMS 0x0000000088f00000, 0x0000000088f00000| Complete 
| 144|0x0000000089000000, 0x0000000089100000, 0x0000000089100000|100%| E|CS|TAMS 0x0000000089000000, 0x0000000089000000| Complete 
| 145|0x0000000089100000, 0x0000000089200000, 0x0000000089200000|100%| E|CS|TAMS 0x0000000089100000, 0x0000000089100000| Complete 
| 146|0x0000000089200000, 0x0000000089300000, 0x0000000089300000|100%| E|CS|TAMS 0x0000000089200000, 0x0000000089200000| Complete 
| 147|0x0000000089300000, 0x0000000089400000, 0x0000000089400000|100%| E|CS|TAMS 0x0000000089300000, 0x0000000089300000| Complete 
| 148|0x0000000089400000, 0x0000000089500000, 0x0000000089500000|100%| E|CS|TAMS 0x0000000089400000, 0x0000000089400000| Complete 
| 149|0x0000000089500000, 0x0000000089600000, 0x0000000089600000|100%| E|CS|TAMS 0x0000000089500000, 0x0000000089500000| Complete 
| 150|0x0000000089600000, 0x0000000089700000, 0x0000000089700000|100%| E|CS|TAMS 0x0000000089600000, 0x0000000089600000| Complete 
| 151|0x0000000089700000, 0x0000000089800000, 0x0000000089800000|100%| E|CS|TAMS 0x0000000089700000, 0x0000000089700000| Complete 
| 152|0x0000000089800000, 0x0000000089900000, 0x0000000089900000|100%| E|CS|TAMS 0x0000000089800000, 0x0000000089800000| Complete 
| 153|0x0000000089900000, 0x0000000089a00000, 0x0000000089a00000|100%| E|CS|TAMS 0x0000000089900000, 0x0000000089900000| Complete 
| 154|0x0000000089a00000, 0x0000000089b00000, 0x0000000089b00000|100%| E|CS|TAMS 0x0000000089a00000, 0x0000000089a00000| Complete 
| 155|0x0000000089b00000, 0x0000000089c00000, 0x0000000089c00000|100%| E|CS|TAMS 0x0000000089b00000, 0x0000000089b00000| Complete 
| 156|0x0000000089c00000, 0x0000000089d00000, 0x0000000089d00000|100%| E|CS|TAMS 0x0000000089c00000, 0x0000000089c00000| Complete 
| 157|0x0000000089d00000, 0x0000000089e00000, 0x0000000089e00000|100%| E|CS|TAMS 0x0000000089d00000, 0x0000000089d00000| Complete 
| 158|0x0000000089e00000, 0x0000000089f00000, 0x0000000089f00000|100%| E|CS|TAMS 0x0000000089e00000, 0x0000000089e00000| Complete 
| 159|0x0000000089f00000, 0x000000008a000000, 0x000000008a000000|100%| E|CS|TAMS 0x0000000089f00000, 0x0000000089f00000| Complete 
| 160|0x000000008a000000, 0x000000008a100000, 0x000000008a100000|100%| E|CS|TAMS 0x000000008a000000, 0x000000008a000000| Complete 
| 161|0x000000008a100000, 0x000000008a200000, 0x000000008a200000|100%| E|CS|TAMS 0x000000008a100000, 0x000000008a100000| Complete 

Card table byte_map: [0x000001d55cd50000,0x000001d55d150000] _byte_map_base: 0x000001d55c950000

Marking Bits (Prev, Next): (CMBitMap*) 0x000001d549ef5990, (CMBitMap*) 0x000001d549ef5958
 Prev Bits: [0x000001d55f550000, 0x000001d561550000)
 Next Bits: [0x000001d55d550000, 0x000001d55f550000)

Polling page: 0x000001d549630000

Metaspace:

Usage:
  Non-class:     74.60 MB capacity,    73.37 MB ( 98%) used,  1021.47 KB (  1%) free+waste,   238.81 KB ( <1%) overhead. 
      Class:     11.67 MB capacity,    10.92 MB ( 94%) used,   660.28 KB (  6%) free+waste,   108.69 KB ( <1%) overhead. 
       Both:     86.27 MB capacity,    84.29 MB ( 98%) used,     1.64 MB (  2%) free+waste,   347.50 KB ( <1%) overhead. 

Virtual space:
  Non-class space:       76.00 MB reserved,      74.62 MB ( 98%) committed 
      Class space:        1.00 GB reserved,      11.70 MB (  1%) committed 
             Both:        1.07 GB reserved,      86.32 MB (  8%) committed 

Chunk freelists:
   Non-Class:  24.00 KB
       Class:  0 bytes
        Both:  24.00 KB

MaxMetaspaceSize: 17179869184.00 GB
CompressedClassSpaceSize: 1.00 GB

CodeHeap 'non-profiled nmethods': size=120064Kb used=5642Kb max_used=5642Kb free=114421Kb
 bounds [0x000001d555410000, 0x000001d5559a0000, 0x000001d55c950000]
CodeHeap 'profiled nmethods': size=120000Kb used=22745Kb max_used=22745Kb free=97254Kb
 bounds [0x000001d54dee0000, 0x000001d54f520000, 0x000001d555410000]
CodeHeap 'non-nmethods': size=5696Kb used=2280Kb max_used=2328Kb free=3415Kb
 bounds [0x000001d54d950000, 0x000001d54dbc0000, 0x000001d54dee0000]
 total_blobs=11061 nmethods=10182 adapters=790
 compilation: enabled
              stopped_count=0, restarted_count=0
 full_count=0

Compilation events (20 events):
Event: 74.311 Thread 0x000001d564311800 10302       3       sun.nio.ch.FileDispatcherImpl::read (8 bytes)
Event: 74.312 Thread 0x000001d564311800 nmethod 10302 0x000001d54f50ea90 code [0x000001d54f50ec40, 0x000001d54f50ed68]
Event: 74.316 Thread 0x000001d564311800 10306   !   3       java.nio.DirectByteBuffer::get (151 bytes)
Event: 74.319 Thread 0x000001d564294800 nmethod 10300 0x000001d555991710 code [0x000001d555991900, 0x000001d555991d58]
Event: 74.320 Thread 0x000001d564311800 nmethod 10306 0x000001d54f50ee10 code [0x000001d54f50f140, 0x000001d54f5100a8]
Event: 74.320 Thread 0x000001d564294800 10307       4       java.lang.ref.Reference::reachabilityFence (1 bytes)
Event: 74.320 Thread 0x000001d564294800 nmethod 10307 0x000001d555992210 code [0x000001d5559923a0, 0x000001d5559923d8]
Event: 74.320 Thread 0x000001d564294800 10305       4       com.google.common.collect.SingletonImmutableList::get (11 bytes)
Event: 74.321 Thread 0x000001d564294800 nmethod 10305 0x000001d555992490 code [0x000001d555992620, 0x000001d555992698]
Event: 74.321 Thread 0x000001d564294800 10309   !   4       com.google.common.cache.LocalCache::processPendingNotifications (47 bytes)
Event: 74.321 Thread 0x000001d564311800 10310       3       org.gradle.internal.snapshot.AbstractStorePathRelationshipHandler::handleSiblingOfChild (95 bytes)
Event: 74.323 Thread 0x000001d564311800 nmethod 10310 0x000001d54f510890 code [0x000001d54f510b00, 0x000001d54f5115c8]
Event: 74.352 Thread 0x000001d564311800 10311       3       org.gradle.api.internal.artifacts.ivyservice.ResolvedFileCollectionVisitor::endVisitCollection (24 bytes)
Event: 74.353 Thread 0x000001d564311800 nmethod 10311 0x000001d54f511a90 code [0x000001d54f511c60, 0x000001d54f512018]
Event: 74.353 Thread 0x000001d564311800 10312   !   3       org.gradle.api.internal.artifacts.transform.TransformingAsyncArtifactListener$TransformedArtifact::finalizeValue (165 bytes)
Event: 74.357 Thread 0x000001d564311800 nmethod 10312 0x000001d54f512110 code [0x000001d54f5125e0, 0x000001d54f514f38]
Event: 74.357 Thread 0x000001d564311800 10314       3       org.gradle.api.internal.artifacts.transform.ConsumerProvidedVariantFinder$$Lambda$885/0x0000000100b7f440::get$Lambda (11 bytes)
Event: 74.358 Thread 0x000001d564311800 nmethod 10314 0x000001d54f515f10 code [0x000001d54f5160e0, 0x000001d54f5163f8]
Event: 74.358 Thread 0x000001d564311800 10313       1       org.gradle.api.internal.artifacts.transform.ConsumerProvidedVariantFinder$AttributeSpecificCache::access$000 (5 bytes)
Event: 74.358 Thread 0x000001d564311800 nmethod 10313 0x000001d555992790 code [0x000001d555992940, 0x000001d5559929d8]

GC Heap History (20 events):
Event: 52.206 GC heap after
{Heap after GC invocations=64 (full 0):
 garbage-first heap   total 114688K, used 64791K [0x0000000080000000, 0x0000000100000000)
  region size 1024K, 2 young (2048K), 2 survivors (2048K)
 Metaspace       used 69022K, capacity 70577K, committed 70728K, reserved 1110016K
  class space    used 8728K, capacity 9313K, committed 9420K, reserved 1048576K
}
Event: 53.635 GC heap before
{Heap before GC invocations=64 (full 0):
 garbage-first heap   total 114688K, used 84247K [0x0000000080000000, 0x0000000100000000)
  region size 1024K, 21 young (21504K), 2 survivors (2048K)
 Metaspace       used 71450K, capacity 73133K, committed 73288K, reserved 1112064K
  class space    used 9193K, capacity 9803K, committed 9932K, reserved 1048576K
}
Event: 53.650 GC heap after
{Heap after GC invocations=65 (full 0):
 garbage-first heap   total 114688K, used 65929K [0x0000000080000000, 0x0000000100000000)
  region size 1024K, 3 young (3072K), 3 survivors (3072K)
 Metaspace       used 71450K, capacity 73133K, committed 73288K, reserved 1112064K
  class space    used 9193K, capacity 9803K, committed 9932K, reserved 1048576K
}
Event: 55.755 GC heap before
{Heap before GC invocations=66 (full 0):
 garbage-first heap   total 114688K, used 85385K [0x0000000080000000, 0x0000000100000000)
  region size 1024K, 22 young (22528K), 3 survivors (3072K)
 Metaspace       used 73289K, capacity 74960K, committed 75208K, reserved 1114112K
  class space    used 9445K, capacity 10048K, committed 10060K, reserved 1048576K
}
Event: 55.766 GC heap after
{Heap after GC invocations=67 (full 0):
 garbage-first heap   total 114688K, used 67257K [0x0000000080000000, 0x0000000100000000)
  region size 1024K, 3 young (3072K), 3 survivors (3072K)
 Metaspace       used 73289K, capacity 74960K, committed 75208K, reserved 1114112K
  class space    used 9445K, capacity 10048K, committed 10060K, reserved 1048576K
}
Event: 56.441 GC heap before
{Heap before GC invocations=67 (full 0):
 garbage-first heap   total 114688K, used 87737K [0x0000000080000000, 0x0000000100000000)
  region size 1024K, 23 young (23552K), 3 survivors (3072K)
 Metaspace       used 74193K, capacity 75900K, committed 76104K, reserved 1116160K
  class space    used 9567K, capacity 10166K, committed 10188K, reserved 1048576K
}
Event: 56.453 GC heap after
{Heap after GC invocations=68 (full 0):
 garbage-first heap   total 114688K, used 68807K [0x0000000080000000, 0x0000000100000000)
  region size 1024K, 3 young (3072K), 3 survivors (3072K)
 Metaspace       used 74193K, capacity 75900K, committed 76104K, reserved 1116160K
  class space    used 9567K, capacity 10166K, committed 10188K, reserved 1048576K
}
Event: 57.434 GC heap before
{Heap before GC invocations=69 (full 0):
 garbage-first heap   total 114688K, used 89287K [0x0000000080000000, 0x0000000100000000)
  region size 1024K, 23 young (23552K), 3 survivors (3072K)
 Metaspace       used 74845K, capacity 76563K, committed 76872K, reserved 1116160K
  class space    used 9667K, capacity 10323K, committed 10444K, reserved 1048576K
}
Event: 57.454 GC heap after
{Heap after GC invocations=70 (full 0):
 garbage-first heap   total 138240K, used 70528K [0x0000000080000000, 0x0000000100000000)
  region size 1024K, 2 young (2048K), 2 survivors (2048K)
 Metaspace       used 74845K, capacity 76563K, committed 76872K, reserved 1116160K
  class space    used 9667K, capacity 10323K, committed 10444K, reserved 1048576K
}
Event: 60.272 GC heap before
{Heap before GC invocations=70 (full 0):
 garbage-first heap   total 138240K, used 100224K [0x0000000080000000, 0x0000000100000000)
  region size 1024K, 31 young (31744K), 2 survivors (2048K)
 Metaspace       used 77134K, capacity 78935K, committed 79176K, reserved 1118208K
  class space    used 9979K, capacity 10673K, committed 10700K, reserved 1048576K
}
Event: 60.291 GC heap after
{Heap after GC invocations=71 (full 0):
 garbage-first heap   total 138240K, used 72249K [0x0000000080000000, 0x0000000100000000)
  region size 1024K, 4 young (4096K), 4 survivors (4096K)
 Metaspace       used 77134K, capacity 78935K, committed 79176K, reserved 1118208K
  class space    used 9979K, capacity 10673K, committed 10700K, reserved 1048576K
}
Event: 63.248 GC heap before
{Heap before GC invocations=72 (full 0):
 garbage-first heap   total 138240K, used 101945K [0x0000000080000000, 0x0000000100000000)
  region size 1024K, 33 young (33792K), 4 survivors (4096K)
 Metaspace       used 79815K, capacity 81649K, committed 81992K, reserved 1120256K
  class space    used 10391K, capacity 11077K, committed 11212K, reserved 1048576K
}
Event: 63.277 GC heap after
{Heap after GC invocations=73 (full 0):
 garbage-first heap   total 138240K, used 73791K [0x0000000080000000, 0x0000000100000000)
  region size 1024K, 4 young (4096K), 4 survivors (4096K)
 Metaspace       used 79815K, capacity 81649K, committed 81992K, reserved 1120256K
  class space    used 10391K, capacity 11077K, committed 11212K, reserved 1048576K
}
Event: 65.002 GC heap before
{Heap before GC invocations=73 (full 0):
 garbage-first heap   total 138240K, used 104511K [0x0000000080000000, 0x0000000100000000)
  region size 1024K, 34 young (34816K), 4 survivors (4096K)
 Metaspace       used 82987K, capacity 84939K, committed 85192K, reserved 1122304K
  class space    used 10746K, capacity 11482K, committed 11596K, reserved 1048576K
}
Event: 65.030 GC heap after
{Heap after GC invocations=74 (full 0):
 garbage-first heap   total 138240K, used 76011K [0x0000000080000000, 0x0000000100000000)
  region size 1024K, 4 young (4096K), 4 survivors (4096K)
 Metaspace       used 82987K, capacity 84939K, committed 85192K, reserved 1122304K
  class space    used 10746K, capacity 11482K, committed 11596K, reserved 1048576K
}
Event: 68.830 GC heap before
{Heap before GC invocations=75 (full 0):
 garbage-first heap   total 138240K, used 106731K [0x0000000080000000, 0x0000000100000000)
  region size 1024K, 34 young (34816K), 4 survivors (4096K)
 Metaspace       used 84869K, capacity 86888K, committed 86984K, reserved 1124352K
  class space    used 11050K, capacity 11766K, committed 11852K, reserved 1048576K
}
Event: 68.870 GC heap after
{Heap after GC invocations=76 (full 0):
 garbage-first heap   total 165888K, used 79499K [0x0000000080000000, 0x0000000100000000)
  region size 1024K, 5 young (5120K), 5 survivors (5120K)
 Metaspace       used 84869K, capacity 86888K, committed 86984K, reserved 1124352K
  class space    used 11050K, capacity 11766K, committed 11852K, reserved 1048576K
}
Event: 71.958 GC heap before
{Heap before GC invocations=76 (full 0):
 garbage-first heap   total 165888K, used 118411K [0x0000000080000000, 0x0000000100000000)
  region size 1024K, 44 young (45056K), 5 survivors (5120K)
 Metaspace       used 86135K, capacity 88259K, committed 88392K, reserved 1126400K
  class space    used 11184K, capacity 11952K, committed 11980K, reserved 1048576K
}
Event: 71.991 GC heap after
{Heap after GC invocations=77 (full 0):
 garbage-first heap   total 165888K, used 83304K [0x0000000080000000, 0x0000000100000000)
  region size 1024K, 6 young (6144K), 6 survivors (6144K)
 Metaspace       used 86135K, capacity 88259K, committed 88392K, reserved 1126400K
  class space    used 11184K, capacity 11952K, committed 11980K, reserved 1048576K
}
Event: 74.358 GC heap before
{Heap before GC invocations=78 (full 0):
 garbage-first heap   total 165888K, used 123240K [0x0000000080000000, 0x0000000100000000)
  region size 1024K, 46 young (47104K), 6 survivors (6144K)
 Metaspace       used 86313K, capacity 88343K, committed 88392K, reserved 1126400K
  class space    used 11186K, capacity 11955K, committed 11980K, reserved 1048576K
}

Deoptimization events (20 events):
Event: 74.021 Thread 0x000001d565e90000 Uncommon trap: trap_request=0xffffffd6 fr.pc=0x000001d555987b1c relative=0x000000000000075c
Event: 74.021 Thread 0x000001d565e90000 Uncommon trap: reason=array_check action=maybe_recompile pc=0x000001d555987b1c method=java.util.TimSort.binarySort([Ljava/lang/Object;IIILjava/util/Comparator;)V @ 193 c2
Event: 74.021 Thread 0x000001d565e90000 DEOPT PACKING pc=0x000001d555987b1c sp=0x000000236c6fd5d0
Event: 74.021 Thread 0x000001d565e90000 DEOPT UNPACKING pc=0x000001d54d9765af sp=0x000000236c6fd578 mode 2
Event: 74.048 Thread 0x000001d565e93800 Uncommon trap: trap_request=0xffffffd6 fr.pc=0x000001d555987b1c relative=0x000000000000075c
Event: 74.048 Thread 0x000001d565e93800 Uncommon trap: reason=array_check action=maybe_recompile pc=0x000001d555987b1c method=java.util.TimSort.binarySort([Ljava/lang/Object;IIILjava/util/Comparator;)V @ 193 c2
Event: 74.048 Thread 0x000001d565e93800 DEOPT PACKING pc=0x000001d555987b1c sp=0x00000023682fd810
Event: 74.048 Thread 0x000001d565e93800 DEOPT UNPACKING pc=0x000001d54d9765af sp=0x00000023682fd7b8 mode 2
Event: 74.280 Thread 0x000001d5685e9800 Uncommon trap: trap_request=0xffffff4d fr.pc=0x000001d55582466c relative=0x00000000000001ac
Event: 74.280 Thread 0x000001d5685e9800 Uncommon trap: reason=unstable_if action=reinterpret pc=0x000001d55582466c method=org.gradle.internal.time.MonotonicClock.advance(J)J @ 25 c2
Event: 74.280 Thread 0x000001d5685e9800 DEOPT PACKING pc=0x000001d55582466c sp=0x000000236c2fcc20
Event: 74.280 Thread 0x000001d5685e9800 DEOPT UNPACKING pc=0x000001d54d9765af sp=0x000000236c2fcb28 mode 2
Event: 74.282 Thread 0x000001d5685e1800 Uncommon trap: trap_request=0xffffffd6 fr.pc=0x000001d555990098 relative=0x00000000000006d8
Event: 74.282 Thread 0x000001d5685e1800 Uncommon trap: reason=array_check action=maybe_recompile pc=0x000001d555990098 method=java.util.TimSort.binarySort([Ljava/lang/Object;IIILjava/util/Comparator;)V @ 215 c2
Event: 74.282 Thread 0x000001d5685e1800 DEOPT PACKING pc=0x000001d555990098 sp=0x000000236bffdae0
Event: 74.282 Thread 0x000001d5685e1800 DEOPT UNPACKING pc=0x000001d54d9765af sp=0x000000236bffda88 mode 2
Event: 74.283 Thread 0x000001d5685e0800 Uncommon trap: trap_request=0xffffffd6 fr.pc=0x000001d555990098 relative=0x00000000000006d8
Event: 74.283 Thread 0x000001d5685e0800 Uncommon trap: reason=array_check action=maybe_recompile pc=0x000001d555990098 method=java.util.TimSort.binarySort([Ljava/lang/Object;IIILjava/util/Comparator;)V @ 215 c2
Event: 74.283 Thread 0x000001d5685e0800 DEOPT PACKING pc=0x000001d555990098 sp=0x000000236b6fd740
Event: 74.283 Thread 0x000001d5685e0800 DEOPT UNPACKING pc=0x000001d54d9765af sp=0x000000236b6fd6e8 mode 2

Classes redefined (0 events):
No events

Internal exceptions (20 events):
Event: 65.849 Thread 0x000001d56443f000 Exception <a 'java/lang/NoSuchMethodError'{0x0000000087b54ce8}: 'java.lang.Object java.lang.invoke.Invokers$Holder.linkToTargetMethod(java.lang.Object, java.lang.Object, java.lang.Object, int, java.lang.Object, java.lang.Object)'> (0x0000000087b54ce8) thrown at [./src/hotspot/share/interpreter/linkResolver.cpp, line 773]
Event: 66.258 Thread 0x000001d565d8b000 Exception <a 'java/lang/NoSuchMethodError'{0x00000000875c1588}: <clinit>> (0x00000000875c1588) thrown at [./src/hotspot/share/prims/jni.cpp, line 1362]
Event: 66.261 Thread 0x000001d565d8b000 Exception <a 'java/lang/NoSuchMethodError'{0x00000000875ccef8}: <clinit>> (0x00000000875ccef8) thrown at [./src/hotspot/share/prims/jni.cpp, line 1362]
Event: 66.276 Thread 0x000001d565d8b000 Exception <a 'java/lang/NoSuchMethodError'{0x00000000875e9f10}: <clinit>> (0x00000000875e9f10) thrown at [./src/hotspot/share/prims/jni.cpp, line 1362]
Event: 66.280 Thread 0x000001d565d8b000 Exception <a 'java/lang/NoSuchMethodError'{0x00000000875fda78}: <clinit>> (0x00000000875fda78) thrown at [./src/hotspot/share/prims/jni.cpp, line 1362]
Event: 66.282 Thread 0x000001d565d8b000 Exception <a 'java/lang/NoSuchMethodError'{0x00000000875ff1f0}: <clinit>> (0x00000000875ff1f0) thrown at [./src/hotspot/share/prims/jni.cpp, line 1362]
Event: 66.461 Thread 0x000001d56443f000 Exception <a 'java/lang/IncompatibleClassChangeError'{0x00000000874b1730}: Found class java.lang.Object, but interface was expected> (0x00000000874b1730) thrown at [./src/hotspot/share/interpreter/linkResolver.cpp, line 839]
Event: 66.559 Thread 0x000001d565d8b000 Exception <a 'java/lang/NoSuchMethodError'{0x000000008720a178}: <clinit>> (0x000000008720a178) thrown at [./src/hotspot/share/prims/jni.cpp, line 1362]
Event: 66.559 Thread 0x000001d56443f000 Exception <a 'java/lang/NoSuchMethodError'{0x00000000873cbaf0}: 'java.lang.Object java.lang.invoke.DirectMethodHandle$Holder.invokeInterface(java.lang.Object, java.lang.Object, int)'> (0x00000000873cbaf0) thrown at [./src/hotspot/share/interpreter/linkResolver.cpp, line 773]
Event: 66.718 Thread 0x000001d56877e000 Exception <a 'java/lang/NoSuchMethodError'{0x0000000087213a80}: <clinit>> (0x0000000087213a80) thrown at [./src/hotspot/share/prims/jni.cpp, line 1362]
Event: 66.747 Thread 0x000001d56443f000 Exception <a 'java/lang/NoSuchMethodError'{0x00000000873e1dc8}: 'void java.lang.invoke.DirectMethodHandle$Holder.invokeStatic(java.lang.Object, java.lang.Object, java.lang.Object, int)'> (0x00000000873e1dc8) thrown at [./src/hotspot/share/interpreter/linkResolver.cpp, line 773]
Event: 66.747 Thread 0x000001d56877e000 Exception <a 'java/lang/NoSuchMethodError'{0x0000000087228d00}: <clinit>> (0x0000000087228d00) thrown at [./src/hotspot/share/prims/jni.cpp, line 1362]
Event: 66.773 Thread 0x000001d56877e000 Exception <a 'java/lang/NoSuchMethodError'{0x000000008724c328}: <clinit>> (0x000000008724c328) thrown at [./src/hotspot/share/prims/jni.cpp, line 1362]
Event: 66.781 Thread 0x000001d56877e000 Exception <a 'java/lang/NoSuchMethodError'{0x0000000087256c70}: 'void java.lang.invoke.DirectMethodHandle$Holder.invokeSpecial(java.lang.Object, java.lang.Object, java.lang.Object, int)'> (0x0000000087256c70) thrown at [./src/hotspot/share/interpreter/linkResolver.cpp, line 773]
Event: 67.106 Thread 0x000001d56443f000 Exception <a 'java/lang/IncompatibleClassChangeError'{0x000000008700a750}: Found class java.lang.Object, but interface was expected> (0x000000008700a750) thrown at [./src/hotspot/share/interpreter/linkResolver.cpp, line 839]
Event: 67.284 Thread 0x000001d56443f000 Exception <a 'java/lang/IncompatibleClassChangeError'{0x0000000087034880}: Found class java.lang.Object, but interface was expected> (0x0000000087034880) thrown at [./src/hotspot/share/interpreter/linkResolver.cpp, line 839]
Event: 70.402 Thread 0x000001d56443f000 Exception <a 'java/lang/NoSuchMethodError'{0x00000000894a2738}: 'void java.lang.invoke.DirectMethodHandle$Holder.invokeStatic(java.lang.Object, java.lang.Object, java.lang.Object, java.lang.Object, int, java.lang.Object, java.lang.Object)'> (0x00000000894a2738) thrown at [./src/hotspot/share/interpreter/linkResolver.cpp, line 773]
Event: 70.574 Thread 0x000001d565e9e000 Exception <a 'java/lang/NoSuchMethodError'{0x000000008907a3f8}: 'java.lang.Object java.lang.invoke.DirectMethodHandle$Holder.invokeSpecialIFC(java.lang.Object, java.lang.Object, java.lang.Object)'> (0x000000008907a3f8) thrown at [./src/hotspot/share/interpreter/linkResolver.cpp, line 773]
Event: 70.805 Thread 0x000001d56443f000 Exception <a 'java/lang/NoSuchMethodError'{0x0000000088ee0968}: 'int java.lang.invoke.DirectMethodHandle$Holder.invokeStaticInit(java.lang.Object, java.lang.Object, java.lang.Object, java.lang.Object, java.lang.Object)'> (0x0000000088ee0968) thrown at [./src/hotspot/share/interpreter/linkResolver.cpp, line 773]
Event: 71.929 Thread 0x000001d565e9e000 Exception <a 'java/lang/NoSuchMethodError'{0x0000000087b7b290}: 'void java.lang.invoke.DirectMethodHandle$Holder.invokeVirtual(java.lang.Object, java.lang.Object)'> (0x0000000087b7b290) thrown at [./src/hotspot/share/interpreter/linkResolver.cpp, line 773]

Events (20 events):
Event: 74.348 Executing VM operation: RevokeBias done
Event: 74.348 Executing VM operation: RevokeBias
Event: 74.349 Executing VM operation: RevokeBias done
Event: 74.349 Executing VM operation: RevokeBias
Event: 74.349 Executing VM operation: RevokeBias done
Event: 74.349 Executing VM operation: RevokeBias
Event: 74.349 Executing VM operation: RevokeBias done
Event: 74.349 Executing VM operation: RevokeBias
Event: 74.349 Executing VM operation: RevokeBias done
Event: 74.349 Executing VM operation: RevokeBias
Event: 74.349 Executing VM operation: RevokeBias done
Event: 74.349 Executing VM operation: RevokeBias
Event: 74.349 Executing VM operation: RevokeBias done
Event: 74.349 Executing VM operation: RevokeBias
Event: 74.350 Executing VM operation: RevokeBias done
Event: 74.350 Executing VM operation: RevokeBias
Event: 74.350 Executing VM operation: RevokeBias done
Event: 74.350 Executing VM operation: BulkRevokeBias
Event: 74.352 Executing VM operation: BulkRevokeBias done
Event: 74.358 Executing VM operation: G1CollectForAllocation


Dynamic libraries:
0x00007ff641020000 - 0x00007ff64102a000 	C:\Program Files\Android\Android Studio\jre\bin\java.exe
0x00007ffcc3350000 - 0x00007ffcc3545000 	C:\Windows\SYSTEM32\ntdll.dll
0x00007ffcc1750000 - 0x00007ffcc180d000 	C:\Windows\System32\KERNEL32.DLL
0x00007ffcc0a60000 - 0x00007ffcc0d2d000 	C:\Windows\System32\KERNELBASE.dll
0x00007ffcc0f20000 - 0x00007ffcc1020000 	C:\Windows\System32\ucrtbase.dll
0x00007ffc95090000 - 0x00007ffc950a9000 	C:\Program Files\Android\Android Studio\jre\bin\jli.dll
0x00007ffcc1c50000 - 0x00007ffcc1df0000 	C:\Windows\System32\USER32.dll
0x00007ffcc10c0000 - 0x00007ffcc10e2000 	C:\Windows\System32\win32u.dll
0x00007ffc95070000 - 0x00007ffc95087000 	C:\Program Files\Android\Android Studio\jre\bin\VCRUNTIME140.dll
0x00007ffcc2b70000 - 0x00007ffcc2b9a000 	C:\Windows\System32\GDI32.dll
0x00007ffcc1240000 - 0x00007ffcc134b000 	C:\Windows\System32\gdi32full.dll
0x00007ffcc1020000 - 0x00007ffcc10bd000 	C:\Windows\System32\msvcp_win.dll
0x00007ffcb33d0000 - 0x00007ffcb366a000 	C:\Windows\WinSxS\amd64_microsoft.windows.common-controls_6595b64144ccf1df_6.0.19041.1110_none_60b5254171f9507e\COMCTL32.dll
0x00007ffcc13a0000 - 0x00007ffcc143e000 	C:\Windows\System32\msvcrt.dll
0x00007ffcc2610000 - 0x00007ffcc2640000 	C:\Windows\System32\IMM32.DLL
0x00007ffcc04b0000 - 0x00007ffcc04e6000 	C:\Windows\system32\DriverStore\FileRepository\nvam.inf_amd64_1aae4f19e68d0780\nvinitx.dll
0x00007ffcc2640000 - 0x00007ffcc26ee000 	C:\Windows\System32\ADVAPI32.dll
0x00007ffcc26f0000 - 0x00007ffcc278c000 	C:\Windows\System32\sechost.dll
0x00007ffcc31d0000 - 0x00007ffcc32f5000 	C:\Windows\System32\RPCRT4.dll
0x00007ffcc04a0000 - 0x00007ffcc04aa000 	C:\Windows\SYSTEM32\VERSION.dll
0x00007ffcc1df0000 - 0x00007ffcc2534000 	C:\Windows\System32\Shell32.dll
0x00007ffcbeb10000 - 0x00007ffcbf2a4000 	C:\Windows\SYSTEM32\windows.storage.dll
0x00007ffcc18f0000 - 0x00007ffcc1c44000 	C:\Windows\System32\combase.dll
0x00007ffcc0400000 - 0x00007ffcc042c000 	C:\Windows\SYSTEM32\Wldp.dll
0x00007ffcc3120000 - 0x00007ffcc31cd000 	C:\Windows\System32\SHCORE.dll
0x00007ffcc2790000 - 0x00007ffcc27e5000 	C:\Windows\System32\shlwapi.dll
0x000000006d500000 - 0x000000006d506000 	C:\Program Files\NVIDIA Corporation\CoProcManager\_etoured.dll
0x00007ffcb8310000 - 0x00007ffcb8353000 	C:\Program Files\NVIDIA Corporation\CoProcManager\nvd3d9wrapx.dll
0x00007ffcc2c90000 - 0x00007ffcc3101000 	C:\Windows\System32\SETUPAPI.dll
0x00007ffcc1350000 - 0x00007ffcc139e000 	C:\Windows\System32\cfgmgr32.dll
0x00007ffcc1210000 - 0x00007ffcc1237000 	C:\Windows\System32\bcrypt.dll
0x00007ffcb8b70000 - 0x00007ffcb8b9d000 	C:\Program Files\NVIDIA Corporation\CoProcManager\nvdxgiwrapx.dll
0x00007ffc94800000 - 0x00007ffc9489d000 	C:\Program Files\Android\Android Studio\jre\bin\msvcp140.dll
0x00007ffc95340000 - 0x00007ffc95e15000 	C:\Program Files\Android\Android Studio\jre\bin\server\jvm.dll
0x00007ffcc2ae0000 - 0x00007ffcc2ae8000 	C:\Windows\System32\PSAPI.DLL
0x00007ffcb2110000 - 0x00007ffcb2119000 	C:\Windows\SYSTEM32\WSOCK32.dll
0x00007ffcc25a0000 - 0x00007ffcc260b000 	C:\Windows\System32\WS2_32.dll
0x00007ffcb49f0000 - 0x00007ffcb4a17000 	C:\Windows\SYSTEM32\WINMM.dll
0x00007ffcbe910000 - 0x00007ffcbe922000 	C:\Windows\SYSTEM32\kernel.appcore.dll
0x00007ffcaa410000 - 0x00007ffcaa421000 	C:\Program Files\Android\Android Studio\jre\bin\verify.dll
0x00007ffcaecb0000 - 0x00007ffcaee94000 	C:\Windows\SYSTEM32\DBGHELP.DLL
0x00007ffcaec80000 - 0x00007ffcaecac000 	C:\Windows\SYSTEM32\dbgcore.DLL
0x00007ffcc0d30000 - 0x00007ffcc0db2000 	C:\Windows\System32\bcryptPrimitives.dll
0x00007ffc95310000 - 0x00007ffc95339000 	C:\Program Files\Android\Android Studio\jre\bin\java.dll
0x00007ffcb1d60000 - 0x00007ffcb1d6b000 	C:\Program Files\Android\Android Studio\jre\bin\jimage.dll
0x00007ffcaa3f0000 - 0x00007ffcaa408000 	C:\Program Files\Android\Android Studio\jre\bin\zip.dll
0x00007ffcc09a0000 - 0x00007ffcc09bf000 	C:\Windows\SYSTEM32\profapi.dll
0x00007ffc95000000 - 0x00007ffc9501a000 	C:\Program Files\Android\Android Studio\jre\bin\net.dll
0x00007ffcb24c0000 - 0x00007ffcb25ca000 	C:\Windows\SYSTEM32\WINHTTP.dll
0x00007ffcc0100000 - 0x00007ffcc016a000 	C:\Windows\system32\mswsock.dll
0x00007ffc94fe0000 - 0x00007ffc94ff4000 	C:\Program Files\Android\Android Studio\jre\bin\nio.dll
0x00007ffc95140000 - 0x00007ffc95167000 	C:\Users\Garik Asatryan\AndroidStudioProjects\FireAuthAndStore\gradle\native\e1d6ef7f7dcc3fd88c89a11ec53ec762bb8ba0a96d01ffa2cd45eb1d1d8dd5c5\windows-amd64\native-platform.dll
0x00007ffc93a20000 - 0x00007ffc93b64000 	C:\Users\Garik Asatryan\AndroidStudioProjects\FireAuthAndStore\gradle\native\5664cfc778a61ccfe75a443a1ab52a65af34e5dc3c78e0209fed803814484fcb\windows-amd64\native-platform-file-events.dll
0x00007ffcb1600000 - 0x00007ffcb160a000 	C:\Program Files\Android\Android Studio\jre\bin\management.dll
0x00007ffc9be20000 - 0x00007ffc9be2d000 	C:\Program Files\Android\Android Studio\jre\bin\management_ext.dll
0x00007ffcc02f0000 - 0x00007ffcc0308000 	C:\Windows\SYSTEM32\CRYPTSP.dll
0x00007ffcbfa80000 - 0x00007ffcbfab4000 	C:\Windows\system32\rsaenh.dll
0x00007ffcc0920000 - 0x00007ffcc094e000 	C:\Windows\SYSTEM32\USERENV.dll
0x00007ffcc0310000 - 0x00007ffcc031c000 	C:\Windows\SYSTEM32\CRYPTBASE.dll
0x00007ffcbfdf0000 - 0x00007ffcbfe2b000 	C:\Windows\SYSTEM32\IPHLPAPI.DLL
0x00007ffcc3300000 - 0x00007ffcc3308000 	C:\Windows\System32\NSI.dll
0x00007ffcb8ba0000 - 0x00007ffcb8bb7000 	C:\Windows\SYSTEM32\dhcpcsvc6.DLL
0x00007ffcb9ee0000 - 0x00007ffcb9efd000 	C:\Windows\SYSTEM32\dhcpcsvc.DLL
0x00007ffcbfe30000 - 0x00007ffcbfefb000 	C:\Windows\SYSTEM32\DNSAPI.dll

dbghelp: loaded successfully - version: 4.0.5 - missing functions: none
symbol engine: initialized successfully - sym options: 0x614 - pdb path: .;C:\Program Files\Android\Android Studio\jre\bin;C:\Windows\SYSTEM32;C:\Windows\WinSxS\amd64_microsoft.windows.common-controls_6595b64144ccf1df_6.0.19041.1110_none_60b5254171f9507e;C:\Windows\system32\DriverStore\FileRepository\nvam.inf_amd64_1aae4f19e68d0780;C:\Program Files\NVIDIA Corporation\CoProcManager;C:\Program Files\Android\Android Studio\jre\bin\server;C:\Users\Garik Asatryan\AndroidStudioProjects\FireAuthAndStore\gradle\native\e1d6ef7f7dcc3fd88c89a11ec53ec762bb8ba0a96d01ffa2cd45eb1d1d8dd5c5\windows-amd64;C:\Users\Garik Asatryan\AndroidStudioProjects\FireAuthAndStore\gradle\native\5664cfc778a61ccfe75a443a1ab52a65af34e5dc3c78e0209fed803814484fcb\windows-amd64

VM Arguments:
jvm_args: --add-opens=java.base/java.util=ALL-UNNAMED --add-opens=java.base/java.lang=ALL-UNNAMED --add-opens=java.base/java.lang.invoke=ALL-UNNAMED --add-opens=java.base/java.util=ALL-UNNAMED --add-opens=java.prefs/java.util.prefs=ALL-UNNAMED --add-opens=java.prefs/java.util.prefs=ALL-UNNAMED --add-opens=java.base/java.nio.charset=ALL-UNNAMED --add-opens=java.base/java.net=ALL-UNNAMED --add-opens=java.base/java.util.concurrent.atomic=ALL-UNNAMED -Xmx2048m -Dfile.encoding=UTF-8 -Duser.country=US -Duser.language=en -Duser.variant 
java_command: org.gradle.launcher.daemon.bootstrap.GradleDaemon 7.2
java_class_path (initial): C:\Users\Garik Asatryan\AndroidStudioProjects\FireAuthAndStore\gradle\wrapper\dists\gradle-7.2-bin\2dnblmf4td7x66yl1d74lt32g\gradle-7.2\lib\gradle-launcher-7.2.jar
Launcher Type: SUN_STANDARD

[Global flags]
     intx CICompilerCount                          = 3                                         {product} {ergonomic}
     uint ConcGCThreads                            = 1                                         {product} {ergonomic}
     uint G1ConcRefinementThreads                  = 4                                         {product} {ergonomic}
   size_t G1HeapRegionSize                         = 1048576                                   {product} {ergonomic}
    uintx GCDrainStackTargetSize                   = 64                                        {product} {ergonomic}
   size_t InitialHeapSize                          = 67108864                                  {product} {ergonomic}
   size_t MarkStackSize                            = 4194304                                   {product} {ergonomic}
   size_t MaxHeapSize                              = 2147483648                                {product} {command line}
   size_t MaxNewSize                               = 1287651328                                {product} {ergonomic}
   size_t MinHeapDeltaBytes                        = 1048576                                   {product} {ergonomic}
    uintx NonNMethodCodeHeapSize                   = 5830732                                {pd product} {ergonomic}
    uintx NonProfiledCodeHeapSize                  = 122913754                              {pd product} {ergonomic}
    uintx ProfiledCodeHeapSize                     = 122913754                              {pd product} {ergonomic}
    uintx ReservedCodeCacheSize                    = 251658240                              {pd product} {ergonomic}
     bool SegmentedCodeCache                       = true                                      {product} {ergonomic}
     bool UseCompressedClassPointers               = true                                 {lp64_product} {ergonomic}
     bool UseCompressedOops                        = true                                 {lp64_product} {ergonomic}
     bool UseG1GC                                  = true                                      {product} {ergonomic}
     bool UseLargePagesIndividualAllocation        = false                                  {pd product} {ergonomic}

Logging:
Log output configuration:
 #0: stdout all=warning uptime,level,tags
 #1: stderr all=off uptime,level,tags

Environment Variables:
PATH=C:\Windows\system32;C:\Windows;C:\Windows\System32\Wbem;C:\Windows\System32\WindowsPowerShell\v1.0\;C:\Windows\System32\OpenSSH\;C:\Program Files\Git\cmd;C:\Program Files\nodejs\;C:\Users\Garik Asatryan\AppData\Local\Microsoft\WindowsApps;C:\Users\Garik Asatryan\AppData\Roaming\npm
USERNAME=Garik Asatryan
OS=Windows_NT
PROCESSOR_IDENTIFIER=Intel64 Family 6 Model 42 Stepping 7, GenuineIntel



---------------  S Y S T E M  ---------------

OS: Windows 10 , 64 bit Build 19041 (10.0.19041.1706)
OS uptime: 0 days 0:08 hours

CPU:total 4 (initial active 4) (2 cores per cpu, 2 threads per core) family 6 model 42 stepping 7 microcode 0x2f, cmov, cx8, fxsr, mmx, sse, sse2, sse3, ssse3, sse4.1, sse4.2, popcnt, avx, clmul, ht, tsc, tscinvbit

Memory: 4k page, system-wide physical 4006M (79M free)
TotalPageFile size 7590M (AvailPageFile size 3757M)
current process WorkingSet (physical memory assigned to process): 377M, peak: 385M
current process commit charge ("private bytes"): 424M, peak: 430M

vm_info: OpenJDK 64-Bit Server VM (11.0.11+9-b60-7590822) for windows-amd64 JRE (11.0.11+9-b60-7590822), built on Jul 29 2021 21:43:44 by "builder" with MS VC++ 14.0 (VS2015)

END.
